           1
         150
  
  0.1000000000000E+00   0.5117670215986E-27
  0.1236673000000E+00   0.6426265850267E-24
  0.1529360000000E+00   0.1628553811045E-22
  0.1891319000000E+00   0.1990313685865E-21
  0.2338943000000E+00   0.1286990669974E-20
  0.2892508000000E+00   0.5176360645691E-20
  0.3577086000000E+00   0.1449964778570E-19
  0.4423686000000E+00   0.3004092546036E-19
  0.5470654000000E+00   0.4769018610705E-19
  0.6765410000000E+00   0.6118363362272E-19
  0.8366600000000E+00   0.6575869405754E-19
  0.1034675000000E+01   0.6252316731224E-19
  0.1279555000000E+01   0.5426977039899E-19
  0.1582391000000E+01   0.4400377682080E-19
  0.1956900000000E+01   0.3405711642070E-19
  0.2420045000000E+01   0.2549208768203E-19
  0.2992805000000E+01   0.1859696568921E-19
  0.3701121000000E+01   0.1330485830346E-19
  0.4577077000000E+01   0.9302786086922E-20
  0.5660348000000E+01   0.6386437266946E-20
  0.7000000000000E+01   0.4366260636260E-20
  0.7089677000000E+01   0.4265135515934E-20
  0.7180503000000E+01   0.4167242212883E-20
  0.7272493000000E+01   0.4070525843385E-20
  0.7365661000000E+01   0.3976045379445E-20
  0.7460023000000E+01   0.3881887639358E-20
  0.7555593000000E+01   0.3790401222969E-20
  0.7652388000000E+01   0.3703400628788E-20
  0.7750423000000E+01   0.3618060570471E-20
  0.7849714000000E+01   0.3537684056687E-20
  0.7950277000000E+01   0.3462046706068E-20
  0.8052128000000E+01   0.3390413492738E-20
  0.8155284000000E+01   0.3324571314041E-20
  0.8259761000000E+01   0.3267992252833E-20
  0.8365577000000E+01   0.3217838495367E-20
  0.8472749000000E+01   0.3174575286250E-20
  0.8581293000000E+01   0.3142699753356E-20
  0.8691229000000E+01   0.3121664993023E-20
  0.8802572000000E+01   0.3111078613623E-20
  0.8915342000000E+01   0.3111403267729E-20
  0.9029557000000E+01   0.3113803431830E-20
  0.9145235000000E+01   0.3128429274725E-20
  0.9262394000000E+01   0.3156630599611E-20
  0.9381055000000E+01   0.3180625483661E-20
  0.9501236000000E+01   0.3188345459086E-20
  0.9622957000000E+01   0.3202127248961E-20
  0.9746237000000E+01   0.3221982883486E-20
  0.9871096000000E+01   0.3240222624563E-20
  0.9997555000000E+01   0.3259875664673E-20
  0.1012563000000E+02   0.3281788127148E-20
  0.1025535000000E+02   0.3306177678578E-20
  0.1038673000000E+02   0.3337347766148E-20
  0.1051980000000E+02   0.3369410052199E-20
  0.1065457000000E+02   0.3400091771443E-20
  0.1079107000000E+02   0.3436223141815E-20
  0.1092931000000E+02   0.3477251898951E-20
  0.1106933000000E+02   0.3516849342399E-20
  0.1121113000000E+02   0.3553437086757E-20
  0.1135476000000E+02   0.3595415704325E-20
  0.1150023000000E+02   0.3635005640304E-20
  0.1164756000000E+02   0.3672554304899E-20
  0.1179677000000E+02   0.3722832538699E-20
  0.1194790000000E+02   0.3829946545353E-20
  0.1210097000000E+02   0.3955159694728E-20
  0.1225599000000E+02   0.4086544788525E-20
  0.1241300000000E+02   0.4271314039654E-20
  0.1257203000000E+02   0.4542006455334E-20
  0.1273309000000E+02   0.4790417901750E-20
  0.1289621000000E+02   0.5087040415655E-20
  0.1306143000000E+02   0.5483027650709E-20
  0.1322876000000E+02   0.5900778656017E-20
  0.1339823000000E+02   0.6368595785003E-20
  0.1356988000000E+02   0.6874034034076E-20
  0.1374372000000E+02   0.7444343207553E-20
  0.1391979000000E+02   0.8098647877555E-20
  0.1409812000000E+02   0.8742369667188E-20
  0.1427873000000E+02   0.9471861041749E-20
  0.1446165000000E+02   0.1025960831129E-19
  0.1464692000000E+02   0.1111889098435E-19
  0.1483456000000E+02   0.1205818326746E-19
  0.1502461000000E+02   0.1327590789162E-19
  0.1521709000000E+02   0.1463109972285E-19
  0.1541204000000E+02   0.1603648978952E-19
  0.1560948000000E+02   0.1775841486911E-19
  0.1580946000000E+02   0.1983367811069E-19
  0.1601199000000E+02   0.2213221798662E-19
  0.1621712000000E+02   0.2459049163773E-19
  0.1642488000000E+02   0.2736445769103E-19
  0.1663530000000E+02   0.3036845986929E-19
  0.1684841000000E+02   0.3359621262992E-19
  0.1706426000000E+02   0.3691458717107E-19
  0.1728287000000E+02   0.3989524343289E-19
  0.1750428000000E+02   0.4309676833099E-19
  0.1772853000000E+02   0.4645945164226E-19
  0.1795565000000E+02   0.4945595075583E-19
  0.1818568000000E+02   0.5216309096603E-19
  0.1841866000000E+02   0.5500374441112E-19
  0.1865462000000E+02   0.5791080987236E-19
  0.1889360000000E+02   0.6052183813233E-19
  0.1913565000000E+02   0.6318488523438E-19
  0.1938080000000E+02   0.6576246087261E-19
  0.1962908000000E+02   0.6860382688919E-19
  0.1988055000000E+02   0.7119033621613E-19
  0.2013524000000E+02   0.7402504643903E-19
  0.2039320000000E+02   0.7685548647956E-19
  0.2065445000000E+02   0.7972061481446E-19
  0.2091906000000E+02   0.8231365417392E-19
  0.2118705000000E+02   0.8496070887008E-19
  0.2145848000000E+02   0.8771582082519E-19
  0.2173339000000E+02   0.9098437959911E-19
  0.2201181000000E+02   0.9350704915125E-19
  0.2229381000000E+02   0.9671268995880E-19
  0.2257941000000E+02   0.1002533067458E-18
  0.2286868000000E+02   0.1036483521819E-18
  0.2316165000000E+02   0.1075152286169E-18
  0.2345837000000E+02   0.1107088399389E-18
  0.2375890000000E+02   0.1151592942791E-18
  0.2406328000000E+02   0.1187699094737E-18
  0.2437155000000E+02   0.1235374741331E-18
  0.2468378000000E+02   0.1283127117765E-18
  0.2500000000000E+02   0.1326946144818E-18
  0.3073734000000E+02   0.2117659451056E-18
  0.3779135000000E+02   0.2856184241137E-18
  0.4646422000000E+02   0.3486235759472E-18
  0.5712745000000E+02   0.3956445686047E-18
  0.7023782000000E+02   0.4215692916247E-18
  0.8635694000000E+02   0.4300397968017E-18
  0.1061753000000E+03   0.4509170608772E-18
  0.1305418000000E+03   0.4739274031515E-18
  0.1605003000000E+03   0.4860344080911E-18
  0.1973341000000E+03   0.4596104772331E-18
  0.2426209000000E+03   0.4827110197609E-18
  0.2983008000000E+03   0.4591167439514E-18
  0.3667589000000E+03   0.3773832219311E-18
  0.4509277000000E+03   0.2626589111154E-18
  0.5544126000000E+03   0.2046618329373E-18
  0.6816467000000E+03   0.1569328215804E-18
  0.8380801000000E+03   0.7478882291111E-19
  0.1030414000000E+04   0.3013582892233E-19
  0.1266887000000E+04   0.1001272034082E-19
  0.1557629000000E+04   0.2981629002967E-20
  0.1915095000000E+04   0.8901176490876E-21
  0.2354597000000E+04   0.2715628276066E-21
  0.2894961000000E+04   0.8443274085369E-22
  0.3559336000000E+04   0.2666637525856E-22
  0.4376180000000E+04   0.8510218693932E-23
  0.5380484000000E+04   0.2742940660845E-23
  0.6615270000000E+04   0.8948626508854E-24
  0.8133431000000E+04   0.2969224921345E-24
  0.1000000000000E+05   0.9834788333633E-25
