           1
         150
  
  0.1000000000000E+00   0.0000000000000E+00
  0.1236673000000E+00   0.7602620975795E-85
  0.1529360000000E+00   0.0000000000000E+00
  0.1891319000000E+00   0.0000000000000E+00
  0.2338943000000E+00   0.0000000000000E+00
  0.2892508000000E+00   0.0000000000000E+00
  0.3577086000000E+00   0.0000000000000E+00
  0.4423686000000E+00   0.1411533413559E-78
  0.5470654000000E+00   0.1294058847591E-44
  0.6765410000000E+00   0.4488009277929E-32
  0.8366600000000E+00   0.9400294532710E-28
  0.1034675000000E+01   0.1886860455818E-26
  0.1279555000000E+01   0.9683751954072E-25
  0.1582391000000E+01   0.2827583653491E-22
  0.1956900000000E+01   0.1636034909288E-20
  0.2420045000000E+01   0.1576787187223E-19
  0.2992805000000E+01   0.3632972684531E-19
  0.3701121000000E+01   0.6061889577427E-19
  0.4577077000000E+01   0.8397557546177E-19
  0.5660348000000E+01   0.1194561328114E-18
  0.7000000000000E+01   0.1671230892445E-18
  0.7089677000000E+01   0.1729915905498E-18
  0.7180503000000E+01   0.1791439569426E-18
  0.7272493000000E+01   0.1858086480878E-18
  0.7365661000000E+01   0.1926685132430E-18
  0.7460023000000E+01   0.2037247080149E-18
  0.7555593000000E+01   0.2148592225164E-18
  0.7652388000000E+01   0.2310550597130E-18
  0.7750423000000E+01   0.2484866447668E-18
  0.7849714000000E+01   0.2681342219230E-18
  0.7950277000000E+01   0.2894058182717E-18
  0.8052128000000E+01   0.3190848066216E-18
  0.8155284000000E+01   0.3552401813310E-18
  0.8259761000000E+01   0.3570146124138E-18
  0.8365577000000E+01   0.2794373727154E-18
  0.8472749000000E+01   0.1897033039898E-18
  0.8581293000000E+01   0.1031914716971E-18
  0.8691229000000E+01   0.5293131257986E-19
  0.8802572000000E+01   0.2603187773379E-19
  0.8915342000000E+01   0.1323032682766E-19
  0.9029557000000E+01   0.8435458001305E-20
  0.9145235000000E+01   0.6037414855865E-20
  0.9262394000000E+01   0.4924620549950E-20
  0.9381055000000E+01   0.4556830881739E-20
  0.9501236000000E+01   0.4414095912045E-20
  0.9622957000000E+01   0.4619872194468E-20
  0.9746237000000E+01   0.5025970590983E-20
  0.9871096000000E+01   0.5628020099585E-20
  0.9997555000000E+01   0.6629385081044E-20
  0.1012563000000E+02   0.7811411140056E-20
  0.1025535000000E+02   0.9455825604979E-20
  0.1038673000000E+02   0.1146015293773E-19
  0.1051980000000E+02   0.1416365163360E-19
  0.1065457000000E+02   0.1768449172991E-19
  0.1079107000000E+02   0.2224953178482E-19
  0.1092931000000E+02   0.2826737797944E-19
  0.1106933000000E+02   0.3622303586583E-19
  0.1121113000000E+02   0.4652296884003E-19
  0.1135476000000E+02   0.6071214327275E-19
  0.1150023000000E+02   0.8103573209950E-19
  0.1164756000000E+02   0.1109242307511E-18
  0.1179677000000E+02   0.1514479472048E-18
  0.1194790000000E+02   0.2089490402264E-18
  0.1210097000000E+02   0.2792699847427E-18
  0.1225599000000E+02   0.3548429463218E-18
  0.1241300000000E+02   0.4415306661560E-18
  0.1257203000000E+02   0.5093309337332E-18
  0.1273309000000E+02   0.5839676152616E-18
  0.1289621000000E+02   0.6179872041261E-18
  0.1306143000000E+02   0.6500606569919E-18
  0.1322876000000E+02   0.6472719090385E-18
  0.1339823000000E+02   0.6289062302692E-18
  0.1356988000000E+02   0.6073666173674E-18
  0.1374372000000E+02   0.5815118164729E-18
  0.1391979000000E+02   0.5597724212244E-18
  0.1409812000000E+02   0.5435455000082E-18
  0.1427873000000E+02   0.5303424200860E-18
  0.1446165000000E+02   0.5151797231607E-18
  0.1464692000000E+02   0.5027335781225E-18
  0.1483456000000E+02   0.4792438528408E-18
  0.1502461000000E+02   0.4537558802777E-18
  0.1521709000000E+02   0.4247197106517E-18
  0.1541204000000E+02   0.3886964495707E-18
  0.1560948000000E+02   0.3642379834317E-18
  0.1580946000000E+02   0.3413825945961E-18
  0.1601199000000E+02   0.3274437600013E-18
  0.1621712000000E+02   0.3221832589883E-18
  0.1642488000000E+02   0.3211243098217E-18
  0.1663530000000E+02   0.3277371050949E-18
  0.1684841000000E+02   0.3397325459463E-18
  0.1706426000000E+02   0.3546477663888E-18
  0.1728287000000E+02   0.3760387740635E-18
  0.1750428000000E+02   0.3982788123672E-18
  0.1772853000000E+02   0.4277785823732E-18
  0.1795565000000E+02   0.4588877900946E-18
  0.1818568000000E+02   0.4940883045281E-18
  0.1841866000000E+02   0.5324308224947E-18
  0.1865462000000E+02   0.5725432473223E-18
  0.1889360000000E+02   0.6142483626136E-18
  0.1913565000000E+02   0.6581616763451E-18
  0.1938080000000E+02   0.7035664159172E-18
  0.1962908000000E+02   0.7514120902570E-18
  0.1988055000000E+02   0.7988603873448E-18
  0.2013524000000E+02   0.8482238661222E-18
  0.2039320000000E+02   0.8985914485871E-18
  0.2065445000000E+02   0.9503575324056E-18
  0.2091906000000E+02   0.1002201407322E-17
  0.2118705000000E+02   0.1052856188729E-17
  0.2145848000000E+02   0.1104482495938E-17
  0.2173339000000E+02   0.1155187841393E-17
  0.2201181000000E+02   0.1206846349121E-17
  0.2229381000000E+02   0.1258317339653E-17
  0.2257941000000E+02   0.1310350767693E-17
  0.2286868000000E+02   0.1363109504725E-17
  0.2316165000000E+02   0.1416484683002E-17
  0.2345837000000E+02   0.1470462065015E-17
  0.2375890000000E+02   0.1525086924118E-17
  0.2406328000000E+02   0.1580364932747E-17
  0.2437155000000E+02   0.1640482889946E-17
  0.2468378000000E+02   0.1700991671090E-17
  0.2500000000000E+02   0.1760799780562E-17
  0.3073734000000E+02   0.2510342483426E-17
  0.3779135000000E+02   0.2386145362050E-17
  0.4646422000000E+02   0.1840962221207E-17
  0.5712745000000E+02   0.1201873415442E-17
  0.7023782000000E+02   0.7039353270705E-18
  0.8635694000000E+02   0.3944713674397E-18
  0.1061753000000E+03   0.2096621637260E-18
  0.1305418000000E+03   0.1124689930561E-18
  0.1605003000000E+03   0.5538631320750E-19
  0.1973341000000E+03   0.2389482886510E-19
  0.2426209000000E+03   0.1215705429310E-19
  0.2983008000000E+03   0.6022228608856E-20
  0.3667589000000E+03   0.2791210817924E-20
  0.4509277000000E+03   0.1155953238337E-20
  0.5544126000000E+03   0.4644518965347E-21
  0.6816467000000E+03   0.2072608148014E-21
  0.8380801000000E+03   0.9219130703005E-22
  0.1030414000000E+04   0.4091606884633E-22
  0.1266887000000E+04   0.1813353499121E-22
  0.1557629000000E+04   0.8032786650370E-23
  0.1915095000000E+04   0.3560589197097E-23
  0.2354597000000E+04   0.1581421454826E-23
  0.2894961000000E+04   0.7050883582621E-24
  0.3559336000000E+04   0.3163898724682E-24
  0.4376180000000E+04   0.1433250910519E-24
  0.5380484000000E+04   0.6582992361071E-25
  0.6615270000000E+04   0.3082515464757E-25
  0.8133431000000E+04   0.1480991821027E-25
  0.1000000000000E+05   0.4798800665475E-26
