           1
         150
  
  0.1000000000000E+00   0.0000000000000E+00
  0.1236673000000E+00   0.6094728979526E-24
  0.1529360000000E+00   0.1517199166356E-22
  0.1891319000000E+00   0.1807112695832E-21
  0.2338943000000E+00   0.1185919328745E-20
  0.2892508000000E+00   0.4806736017915E-20
  0.3577086000000E+00   0.1320189921097E-19
  0.4423686000000E+00   0.2650729823590E-19
  0.5470654000000E+00   0.4142923743219E-19
  0.6765410000000E+00   0.5311178671669E-19
  0.8366600000000E+00   0.5832620931897E-19
  0.1034675000000E+01   0.5684165648545E-19
  0.1279555000000E+01   0.5055718619963E-19
  0.1582391000000E+01   0.4194344323917E-19
  0.1956900000000E+01   0.3300020154867E-19
  0.2420045000000E+01   0.2493329382646E-19
  0.2992805000000E+01   0.1826179943492E-19
  0.3701121000000E+01   0.1305879890300E-19
  0.4577077000000E+01   0.9178696257620E-20
  0.5660348000000E+01   0.6570084048455E-20
  0.7000000000000E+01   0.6477004549393E-20
  0.7089677000000E+01   0.6660631901543E-20
  0.7180503000000E+01   0.6878865383078E-20
  0.7272493000000E+01   0.7136688955779E-20
  0.7365661000000E+01   0.7434634564049E-20
  0.7460023000000E+01   0.7817781427974E-20
  0.7555593000000E+01   0.8252795484574E-20
  0.7652388000000E+01   0.8804909079097E-20
  0.7750423000000E+01   0.9443429404655E-20
  0.7849714000000E+01   0.1019494595358E-19
  0.7950277000000E+01   0.1107098057369E-19
  0.8052128000000E+01   0.1225477453333E-19
  0.8155284000000E+01   0.1425095356417E-19
  0.8259761000000E+01   0.1625015944838E-19
  0.8365577000000E+01   0.1962298842216E-19
  0.8472749000000E+01   0.2296082441776E-19
  0.8581293000000E+01   0.2697349071258E-19
  0.8691229000000E+01   0.3132508052308E-19
  0.8802572000000E+01   0.3630528685453E-19
  0.8915342000000E+01   0.4210726749172E-19
  0.9029557000000E+01   0.4815638525424E-19
  0.9145235000000E+01   0.5486096533489E-19
  0.9262394000000E+01   0.6184475852920E-19
  0.9381055000000E+01   0.6859589242950E-19
  0.9501236000000E+01   0.7563996624144E-19
  0.9622957000000E+01   0.8216882721486E-19
  0.9746237000000E+01   0.8846765794818E-19
  0.9871096000000E+01   0.9452024935488E-19
  0.9997555000000E+01   0.9964705299310E-19
  0.1012563000000E+02   0.1048955633048E-18
  0.1025535000000E+02   0.1095864542910E-18
  0.1038673000000E+02   0.1143264051675E-18
  0.1051980000000E+02   0.1186429581910E-18
  0.1065457000000E+02   0.1227672412408E-18
  0.1079107000000E+02   0.1267666593743E-18
  0.1092931000000E+02   0.1305914824948E-18
  0.1106933000000E+02   0.1342768146255E-18
  0.1121113000000E+02   0.1379713156068E-18
  0.1135476000000E+02   0.1413527581926E-18
  0.1150023000000E+02   0.1442701584992E-18
  0.1164756000000E+02   0.1466439770267E-18
  0.1179677000000E+02   0.1489952597667E-18
  0.1194790000000E+02   0.1508866656418E-18
  0.1210097000000E+02   0.1530724559998E-18
  0.1225599000000E+02   0.1559395887951E-18
  0.1241300000000E+02   0.1587299339948E-18
  0.1257203000000E+02   0.1632215434239E-18
  0.1273309000000E+02   0.1674622517474E-18
  0.1289621000000E+02   0.1745799168873E-18
  0.1306143000000E+02   0.1820399621799E-18
  0.1322876000000E+02   0.1922371836566E-18
  0.1339823000000E+02   0.2039425768893E-18
  0.1356988000000E+02   0.2163358661650E-18
  0.1374372000000E+02   0.2295859071850E-18
  0.1391979000000E+02   0.2430670801713E-18
  0.1409812000000E+02   0.2566299862592E-18
  0.1427873000000E+02   0.2704653730713E-18
  0.1446165000000E+02   0.2850970507273E-18
  0.1464692000000E+02   0.3000675337674E-18
  0.1483456000000E+02   0.3171761216250E-18
  0.1502461000000E+02   0.3356760013429E-18
  0.1521709000000E+02   0.3562023014636E-18
  0.1541204000000E+02   0.3802423581268E-18
  0.1560948000000E+02   0.4043814279173E-18
  0.1580946000000E+02   0.4309008945553E-18
  0.1601199000000E+02   0.4573000543508E-18
  0.1621712000000E+02   0.4824661717160E-18
  0.1642488000000E+02   0.5074665329497E-18
  0.1663530000000E+02   0.5297133347053E-18
  0.1684841000000E+02   0.5497094918312E-18
  0.1706426000000E+02   0.5686146664989E-18
  0.1728287000000E+02   0.5840981545228E-18
  0.1750428000000E+02   0.5996345319369E-18
  0.1772853000000E+02   0.6114299185301E-18
  0.1795565000000E+02   0.6230373723456E-18
  0.1818568000000E+02   0.6331616012072E-18
  0.1841866000000E+02   0.6424811224031E-18
  0.1865462000000E+02   0.6517372086874E-18
  0.1889360000000E+02   0.6609863694549E-18
  0.1913565000000E+02   0.6699401900041E-18
  0.1938080000000E+02   0.6788843770342E-18
  0.1962908000000E+02   0.6874199835735E-18
  0.1988055000000E+02   0.6965762814755E-18
  0.2013524000000E+02   0.7054317158626E-18
  0.2039320000000E+02   0.7142759681864E-18
  0.2065445000000E+02   0.7229310453226E-18
  0.2091906000000E+02   0.7317813857412E-18
  0.2118705000000E+02   0.7411505327295E-18
  0.2145848000000E+02   0.7503097477345E-18
  0.2173339000000E+02   0.7597905439678E-18
  0.2201181000000E+02   0.7689848214647E-18
  0.2229381000000E+02   0.7781982358582E-18
  0.2257941000000E+02   0.7871714528784E-18
  0.2286868000000E+02   0.7958258492599E-18
  0.2316165000000E+02   0.8041577908618E-18
  0.2345837000000E+02   0.8121361532285E-18
  0.2375890000000E+02   0.8197115121034E-18
  0.2406328000000E+02   0.8268418004452E-18
  0.2437155000000E+02   0.8322693506177E-18
  0.2468378000000E+02   0.8372284569964E-18
  0.2500000000000E+02   0.8419746674069E-18
  0.3073734000000E+02   0.8634228719210E-18
  0.3779135000000E+02   0.8371600661760E-18
  0.4646422000000E+02   0.7987172237423E-18
  0.5712745000000E+02   0.7288151010518E-18
  0.7023782000000E+02   0.6520971017502E-18
  0.8635694000000E+02   0.5885660129499E-18
  0.1061753000000E+03   0.5365111460504E-18
  0.1305418000000E+03   0.5024577148885E-18
  0.1605003000000E+03   0.4532345076813E-18
  0.1973341000000E+03   0.3659248435839E-18
  0.2426209000000E+03   0.2914508169485E-18
  0.2983008000000E+03   0.2108859864063E-18
  0.3667589000000E+03   0.1348249931909E-18
  0.4509277000000E+03   0.7314743518729E-19
  0.5544126000000E+03   0.3594320891196E-19
  0.6816467000000E+03   0.1840812381018E-19
  0.8380801000000E+03   0.9088813182805E-20
  0.1030414000000E+04   0.4365666707128E-20
  0.1266887000000E+04   0.2053707606081E-20
  0.1557629000000E+04   0.9509349639801E-21
  0.1915095000000E+04   0.4350187797070E-21
  0.2354597000000E+04   0.1971619372285E-21
  0.2894961000000E+04   0.8872097703281E-22
  0.3559336000000E+04   0.3970768725126E-22
  0.4376180000000E+04   0.1769356726003E-22
  0.5380484000000E+04   0.7857188017512E-23
  0.6615270000000E+04   0.3479929316514E-23
  0.8133431000000E+04   0.1538192056731E-23
  0.1000000000000E+05   0.6764044274415E-24
