           1
          50          50
           1
   13464000000000.000        13464000000000.000     
 0.30000000000000E+03
  
   0.0000000000000000     
   0.0000000000000000     
   0.0000000000000000     
   0.0000000000000000     
   0.0000000000000000     
   0.0000000000000000     
   0.0000000000000000     
   0.0000000000000000     
   0.0000000000000000     
   0.0000000000000000     
   0.0000000000000000     
   0.0000000000000000     
   0.0000000000000000     
   0.0000000000000000     
   0.0000000000000000     
   0.0000000000000000     
   0.0000000000000000     
   0.0000000000000000     
   0.0000000000000000     
   0.0000000000000000     
   0.0000000000000000     
   0.0000000000000000     
   0.0000000000000000     
   0.0000000000000000     
   0.0000000000000000     
   0.0000000000000000     
   0.0000000000000000     
   0.0000000000000000     
   0.0000000000000000     
   0.0000000000000000     
   0.0000000000000000     
   0.0000000000000000     
   0.0000000000000000     
   0.0000000000000000     
   0.0000000000000000     
   0.0000000000000000     
   0.0000000000000000     
   0.0000000000000000     
   0.0000000000000000     
   0.0000000000000000     
   0.0000000000000000     
   0.0000000000000000     
   0.0000000000000000     
   0.0000000000000000     
   0.0000000000000000     
   0.0000000000000000     
   0.0000000000000000     
   0.0000000000000000     
   0.0000000000000000     
   0.0000000000000000     
   0.0000000000000000     
   0.0000000000000000     
   0.0000000000000000     
   0.0000000000000000     
   0.0000000000000000     
   0.0000000000000000     
   0.0000000000000000     
   0.0000000000000000     
   0.0000000000000000     
   0.0000000000000000     
   0.0000000000000000     
   0.0000000000000000     
   0.0000000000000000     
   0.0000000000000000     
   0.0000000000000000     
   0.0000000000000000     
   0.0000000000000000     
   0.0000000000000000     
   0.0000000000000000     
   0.0000000000000000     
   0.0000000000000000     
   0.0000000000000000     
   0.0000000000000000     
   0.0000000000000000     
   0.0000000000000000     
   0.0000000000000000     
   0.0000000000000000     
   0.0000000000000000     
   0.0000000000000000     
   0.0000000000000000     
   0.0000000000000000     
   0.0000000000000000     
   0.0000000000000000     
   0.0000000000000000     
   0.0000000000000000     
   0.0000000000000000     
   0.0000000000000000     
   0.0000000000000000     
   0.0000000000000000     
   0.0000000000000000     
   0.0000000000000000     
   0.0000000000000000     
   0.0000000000000000     
   0.0000000000000000     
   0.0000000000000000     
   0.0000000000000000     
   0.0000000000000000     
   0.0000000000000000     
   0.0000000000000000     
   0.0000000000000000     
   0.0000000000000000     
   0.0000000000000000     
   0.0000000000000000     
   0.0000000000000000     
   0.0000000000000000     
   0.0000000000000000     
   0.0000000000000000     
   0.0000000000000000     
   0.0000000000000000     
   0.0000000000000000     
   0.0000000000000000     
   0.0000000000000000     
   0.0000000000000000     
   0.0000000000000000     
   0.0000000000000000     
   0.0000000000000000     
   0.0000000000000000     
   0.0000000000000000     
   0.0000000000000000     
   0.0000000000000000     
   0.0000000000000000     
   0.0000000000000000     
   0.0000000000000000     
   0.0000000000000000     
   0.0000000000000000     
   0.0000000000000000     
   0.0000000000000000     
   0.0000000000000000     
   0.0000000000000000     
   0.0000000000000000     
   0.0000000000000000     
   0.0000000000000000     
   0.0000000000000000     
   0.0000000000000000     
   0.0000000000000000     
   0.0000000000000000     
   0.0000000000000000     
   0.0000000000000000     
   0.0000000000000000     
   0.0000000000000000     
   0.0000000000000000     
   0.0000000000000000     
   0.0000000000000000     
   0.0000000000000000     
   0.0000000000000000     
   0.0000000000000000     
   0.0000000000000000     
   0.0000000000000000     
   0.0000000000000000     
   0.0000000000000000     
   0.0000000000000000     
   0.0000000000000000     
   0.0000000000000000     
   0.0000000000000000     
   0.0000000000000000     
   0.0000000000000000     
   0.0000000000000000     
   0.0000000000000000     
   0.0000000000000000     
   0.0000000000000000     
   0.0000000000000000     
   0.0000000000000000     
   0.0000000000000000     
   0.0000000000000000     
   0.0000000000000000     
   0.0000000000000000     
   0.0000000000000000     
   0.0000000000000000     
   0.0000000000000000     
   0.0000000000000000     
   0.0000000000000000     
   0.0000000000000000     
   0.0000000000000000     
   0.0000000000000000     
   0.0000000000000000     
   0.0000000000000000     
   0.0000000000000000     
   0.0000000000000000     
   0.0000000000000000     
   0.0000000000000000     
   0.0000000000000000     
   0.0000000000000000     
   0.0000000000000000     
   0.0000000000000000     
   0.0000000000000000     
   0.0000000000000000     
   0.0000000000000000     
   0.0000000000000000     
   0.0000000000000000     
   0.0000000000000000     
   0.0000000000000000     
   0.0000000000000000     
   0.0000000000000000     
   0.0000000000000000     
   0.0000000000000000     
   0.0000000000000000     
   0.0000000000000000     
   0.0000000000000000     
   0.0000000000000000     
   0.0000000000000000     
   0.0000000000000000     
   0.0000000000000000     
   0.0000000000000000     
   0.0000000000000000     
   0.0000000000000000     
   0.0000000000000000     
   0.0000000000000000     
   0.0000000000000000     
   0.0000000000000000     
   0.0000000000000000     
   0.0000000000000000     
   0.0000000000000000     
   0.0000000000000000     
   0.0000000000000000     
   0.0000000000000000     
   0.0000000000000000     
   0.0000000000000000     
   0.0000000000000000     
   0.0000000000000000     
   0.0000000000000000     
   0.0000000000000000     
   0.0000000000000000     
   0.0000000000000000     
   0.0000000000000000     
   0.0000000000000000     
   0.0000000000000000     
   0.0000000000000000     
   0.0000000000000000     
   0.0000000000000000     
   0.0000000000000000     
   0.0000000000000000     
   0.0000000000000000     
   0.0000000000000000     
   0.0000000000000000     
   0.0000000000000000     
   0.0000000000000000     
   0.0000000000000000     
   0.0000000000000000     
   0.0000000000000000     
   0.0000000000000000     
   0.0000000000000000     
   0.0000000000000000     
   0.0000000000000000     
   0.0000000000000000     
   0.0000000000000000     
   0.0000000000000000     
   0.0000000000000000     
   0.0000000000000000     
   0.0000000000000000     
   0.0000000000000000     
   0.0000000000000000     
   0.0000000000000000     
   0.0000000000000000     
   0.0000000000000000     
   0.0000000000000000     
   0.0000000000000000     
   0.0000000000000000     
   0.0000000000000000     
   0.0000000000000000     
   0.0000000000000000     
   0.0000000000000000     
   0.0000000000000000     
   0.0000000000000000     
   0.0000000000000000     
   0.0000000000000000     
   0.0000000000000000     
   0.0000000000000000     
   0.0000000000000000     
   0.0000000000000000     
   0.0000000000000000     
   0.0000000000000000     
   0.0000000000000000     
   0.0000000000000000     
   0.0000000000000000     
   0.0000000000000000     
   0.0000000000000000     
   0.0000000000000000     
   0.0000000000000000     
   0.0000000000000000     
   0.0000000000000000     
   0.0000000000000000     
   0.0000000000000000     
   0.0000000000000000     
   0.0000000000000000     
   0.0000000000000000     
   0.0000000000000000     
   0.0000000000000000     
   0.0000000000000000     
   0.0000000000000000     
   0.0000000000000000     
   0.0000000000000000     
   0.0000000000000000     
   0.0000000000000000     
   0.0000000000000000     
   0.0000000000000000     
   0.0000000000000000     
   0.0000000000000000     
   0.0000000000000000     
   0.0000000000000000     
   0.0000000000000000     
   0.0000000000000000     
   0.0000000000000000     
   0.0000000000000000     
   0.0000000000000000     
   0.0000000000000000     
   0.0000000000000000     
   0.0000000000000000     
   0.0000000000000000     
   0.0000000000000000     
   0.0000000000000000     
   0.0000000000000000     
   0.0000000000000000     
   0.0000000000000000     
   0.0000000000000000     
   0.0000000000000000     
   0.0000000000000000     
   0.0000000000000000     
   0.0000000000000000     
   0.0000000000000000     
   0.0000000000000000     
   0.0000000000000000     
   0.0000000000000000     
   0.0000000000000000     
   0.0000000000000000     
   0.0000000000000000     
   0.0000000000000000     
   0.0000000000000000     
   0.0000000000000000     
   0.0000000000000000     
   0.0000000000000000     
   0.0000000000000000     
   0.0000000000000000     
   0.0000000000000000     
   0.0000000000000000     
   0.0000000000000000     
   0.0000000000000000     
   0.0000000000000000     
   0.0000000000000000     
   0.0000000000000000     
   0.0000000000000000     
   0.0000000000000000     
   0.0000000000000000     
   0.0000000000000000     
   0.0000000000000000     
   0.0000000000000000     
   0.0000000000000000     
   0.0000000000000000     
   0.0000000000000000     
   0.0000000000000000     
   0.0000000000000000     
   0.0000000000000000     
   0.0000000000000000     
   0.0000000000000000     
   0.0000000000000000     
   0.0000000000000000     
   0.0000000000000000     
   0.0000000000000000     
   0.0000000000000000     
   0.0000000000000000     
   0.0000000000000000     
   0.0000000000000000     
   0.0000000000000000     
   0.0000000000000000     
   0.0000000000000000     
   0.0000000000000000     
   0.0000000000000000     
   0.0000000000000000     
   0.0000000000000000     
   0.0000000000000000     
   0.0000000000000000     
   0.0000000000000000     
   0.0000000000000000     
   0.0000000000000000     
   0.0000000000000000     
   0.0000000000000000     
   0.0000000000000000     
   0.0000000000000000     
   0.0000000000000000     
   0.0000000000000000     
   0.0000000000000000     
   0.0000000000000000     
   0.0000000000000000     
   0.0000000000000000     
   0.0000000000000000     
   0.0000000000000000     
   0.0000000000000000     
   0.0000000000000000     
   0.0000000000000000     
   0.0000000000000000     
   0.0000000000000000     
   0.0000000000000000     
   0.0000000000000000     
   0.0000000000000000     
   0.0000000000000000     
   0.0000000000000000     
   0.0000000000000000     
   0.0000000000000000     
   0.0000000000000000     
   0.0000000000000000     
   0.0000000000000000     
   0.0000000000000000     
   0.0000000000000000     
   0.0000000000000000     
   0.0000000000000000     
   0.0000000000000000     
   0.0000000000000000     
   0.0000000000000000     
   0.0000000000000000     
   0.0000000000000000     
   0.0000000000000000     
   0.0000000000000000     
   0.0000000000000000     
   0.0000000000000000     
   0.0000000000000000     
   0.0000000000000000     
   0.0000000000000000     
   0.0000000000000000     
   0.0000000000000000     
   0.0000000000000000     
   0.0000000000000000     
 0.11455406727974E-16
 0.17158956805546E-16
 0.11139308219464E-16
 0.54805261031481E-17
 0.59678005261020E-19
   0.0000000000000000     
   0.0000000000000000     
   0.0000000000000000     
   0.0000000000000000     
   0.0000000000000000     
   0.0000000000000000     
   0.0000000000000000     
   0.0000000000000000     
   0.0000000000000000     
   0.0000000000000000     
   0.0000000000000000     
   0.0000000000000000     
   0.0000000000000000     
   0.0000000000000000     
   0.0000000000000000     
   0.0000000000000000     
   0.0000000000000000     
   0.0000000000000000     
   0.0000000000000000     
   0.0000000000000000     
   0.0000000000000000     
   0.0000000000000000     
   0.0000000000000000     
   0.0000000000000000     
   0.0000000000000000     
   0.0000000000000000     
   0.0000000000000000     
   0.0000000000000000     
   0.0000000000000000     
   0.0000000000000000     
   0.0000000000000000     
   0.0000000000000000     
   0.0000000000000000     
   0.0000000000000000     
   0.0000000000000000     
   0.0000000000000000     
   0.0000000000000000     
   0.0000000000000000     
   0.0000000000000000     
   0.0000000000000000     
   0.0000000000000000     
   0.0000000000000000     
   0.0000000000000000     
 0.12840712598514E-17
 0.27783523879592E-16
 0.71753309918833E-16
 0.88968548614501E-16
 0.88223208093237E-16
 0.77136317166474E-16
 0.61804458710903E-16
 0.40247626612178E-16
 0.19746018089804E-16
 0.42236147273764E-17
   0.0000000000000000     
   0.0000000000000000     
   0.0000000000000000     
   0.0000000000000000     
   0.0000000000000000     
   0.0000000000000000     
   0.0000000000000000     
   0.0000000000000000     
   0.0000000000000000     
   0.0000000000000000     
   0.0000000000000000     
   0.0000000000000000     
   0.0000000000000000     
   0.0000000000000000     
   0.0000000000000000     
   0.0000000000000000     
   0.0000000000000000     
   0.0000000000000000     
   0.0000000000000000     
   0.0000000000000000     
   0.0000000000000000     
   0.0000000000000000     
   0.0000000000000000     
   0.0000000000000000     
   0.0000000000000000     
   0.0000000000000000     
   0.0000000000000000     
   0.0000000000000000     
   0.0000000000000000     
   0.0000000000000000     
   0.0000000000000000     
   0.0000000000000000     
   0.0000000000000000     
   0.0000000000000000     
   0.0000000000000000     
   0.0000000000000000     
   0.0000000000000000     
   0.0000000000000000     
   0.0000000000000000     
 0.54843331967865E-17
 0.59336171556924E-16
 0.14386516524740E-15
 0.23044216447219E-15
 0.27139494926335E-15
 0.28567195078093E-15
 0.28198449012376E-15
 0.26430384593514E-15
 0.23562388104100E-15
 0.19036408018519E-15
 0.14032822686177E-15
 0.88380800423273E-16
 0.41425742797792E-16
 0.15736778695103E-16
   0.0000000000000000     
   0.0000000000000000     
   0.0000000000000000     
   0.0000000000000000     
   0.0000000000000000     
   0.0000000000000000     
   0.0000000000000000     
   0.0000000000000000     
   0.0000000000000000     
   0.0000000000000000     
   0.0000000000000000     
   0.0000000000000000     
   0.0000000000000000     
   0.0000000000000000     
   0.0000000000000000     
   0.0000000000000000     
   0.0000000000000000     
   0.0000000000000000     
   0.0000000000000000     
   0.0000000000000000     
   0.0000000000000000     
   0.0000000000000000     
   0.0000000000000000     
   0.0000000000000000     
   0.0000000000000000     
   0.0000000000000000     
   0.0000000000000000     
   0.0000000000000000     
   0.0000000000000000     
   0.0000000000000000     
   0.0000000000000000     
   0.0000000000000000     
   0.0000000000000000     
   0.0000000000000000     
   0.0000000000000000     
 0.11605970524411E-16
 0.10306712484806E-15
 0.25347261493398E-15
 0.41379653192913E-15
 0.56924810050599E-15
 0.66495788838844E-15
 0.71704863081983E-15
 0.73175376787626E-15
 0.72521757788292E-15
 0.68987378858211E-15
 0.60753426517335E-15
 0.51248555530629E-15
 0.40486378233768E-15
 0.29894468061294E-15
 0.20070484161748E-15
 0.11961452713068E-15
 0.57456743270659E-16
 0.21263057307561E-16
 0.31833504000670E-17
   0.0000000000000000     
   0.0000000000000000     
   0.0000000000000000     
   0.0000000000000000     
   0.0000000000000000     
   0.0000000000000000     
   0.0000000000000000     
   0.0000000000000000     
   0.0000000000000000     
   0.0000000000000000     
   0.0000000000000000     
   0.0000000000000000     
   0.0000000000000000     
   0.0000000000000000     
   0.0000000000000000     
   0.0000000000000000     
   0.0000000000000000     
   0.0000000000000000     
   0.0000000000000000     
   0.0000000000000000     
   0.0000000000000000     
   0.0000000000000000     
   0.0000000000000000     
   0.0000000000000000     
   0.0000000000000000     
   0.0000000000000000     
   0.0000000000000000     
   0.0000000000000000     
   0.0000000000000000     
   0.0000000000000000     
 0.19412936496441E-16
 0.15675461182010E-15
 0.37158668218931E-15
 0.64428226407622E-15
 0.93999729719319E-15
 0.12184375619150E-14
 0.14203198720748E-14
 0.15455678391743E-14
 0.16117641101930E-14
 0.16256275071836E-14
 0.15762507811490E-14
 0.14443779101482E-14
 0.12636612437653E-14
 0.10535062497461E-14
 0.84572181777147E-15
 0.63196926902406E-15
 0.45222516004471E-15
 0.30356021154968E-15
 0.18680501050938E-15
 0.10181963936087E-15
 0.49057312529065E-16
 0.17420854209918E-16
 0.45088625175172E-17
   0.0000000000000000     
   0.0000000000000000     
   0.0000000000000000     
   0.0000000000000000     
   0.0000000000000000     
   0.0000000000000000     
   0.0000000000000000     
   0.0000000000000000     
   0.0000000000000000     
   0.0000000000000000     
   0.0000000000000000     
   0.0000000000000000     
   0.0000000000000000     
   0.0000000000000000     
   0.0000000000000000     
   0.0000000000000000     
   0.0000000000000000     
   0.0000000000000000     
   0.0000000000000000     
   0.0000000000000000     
   0.0000000000000000     
   0.0000000000000000     
   0.0000000000000000     
   0.0000000000000000     
   0.0000000000000000     
   0.0000000000000000     
 0.32901161559680E-16
 0.19393916021051E-15
 0.47527964998461E-15
 0.86611481394060E-15
 0.13396034266704E-14
 0.18443002463843E-14
 0.23338372989262E-14
 0.27051965057337E-14
 0.29688883543301E-14
 0.31262171344193E-14
 0.31910134645000E-14
 0.31298234274887E-14
 0.29286667720744E-14
 0.26105468283777E-14
 0.22218600710833E-14
 0.18399791321241E-14
 0.14328267698659E-14
 0.10741309288241E-14
 0.77814623200245E-15
 0.52000704206557E-15
 0.33296822630061E-15
 0.19799320227643E-15
 0.11234460911225E-15
 0.56135371405115E-16
 0.25810672428904E-16
 0.90524326059455E-17
   0.0000000000000000     
   0.0000000000000000     
   0.0000000000000000     
   0.0000000000000000     
   0.0000000000000000     
   0.0000000000000000     
   0.0000000000000000     
   0.0000000000000000     
   0.0000000000000000     
   0.0000000000000000     
   0.0000000000000000     
   0.0000000000000000     
   0.0000000000000000     
   0.0000000000000000     
   0.0000000000000000     
   0.0000000000000000     
   0.0000000000000000     
   0.0000000000000000     
   0.0000000000000000     
   0.0000000000000000     
   0.0000000000000000     
   0.0000000000000000     
   0.0000000000000000     
 0.40798416960312E-16
 0.20366182991690E-15
 0.51351592398989E-15
 0.10110073188273E-14
 0.16635827270853E-14
 0.24395895631963E-14
 0.32498316471441E-14
 0.40499924252682E-14
 0.47000454458502E-14
 0.51854894034665E-14
 0.55125413276561E-14
 0.56540176205509E-14
 0.55659062064364E-14
 0.52511017926012E-14
 0.47308556409726E-14
 0.41036820925112E-14
 0.34287631866608E-14
 0.27119936017589E-14
 0.20936080147900E-14
 0.15287108799115E-14
 0.10666854541580E-14
 0.71301584755686E-15
 0.45406112127170E-15
 0.27648110023137E-15
 0.15836593630668E-15
 0.84602295371759E-16
 0.27856400216891E-16
   0.0000000000000000     
   0.0000000000000000     
   0.0000000000000000     
   0.0000000000000000     
   0.0000000000000000     
   0.0000000000000000     
   0.0000000000000000     
   0.0000000000000000     
   0.0000000000000000     
   0.0000000000000000     
   0.0000000000000000     
   0.0000000000000000     
   0.0000000000000000     
   0.0000000000000000     
   0.0000000000000000     
   0.0000000000000000     
   0.0000000000000000     
   0.0000000000000000     
   0.0000000000000000     
   0.0000000000000000     
   0.0000000000000000     
 0.13900127152844E-18
 0.37434357755038E-16
 0.18048789015366E-15
 0.48950947962551E-15
 0.10113547732193E-14
 0.17912861330333E-14
 0.28222609051165E-14
 0.40015213844908E-14
 0.52649832665429E-14
 0.65008709263900E-14
 0.75292241192347E-14
 0.83481861534047E-14
 0.89188217483169E-14
 0.91781042323724E-14
 0.91020740201247E-14
 0.86218969600235E-14
 0.78005392633164E-14
 0.68280749043352E-14
 0.57184442454288E-14
 0.45977207240570E-14
 0.35636654111244E-14
 0.26383340957044E-14
 0.18789713127534E-14
 0.12798606500526E-14
 0.83861236186002E-15
 0.52688730171372E-15
 0.30863398398422E-15
 0.14208849767694E-15
 0.39707153155173E-16
   0.0000000000000000     
   0.0000000000000000     
   0.0000000000000000     
   0.0000000000000000     
   0.0000000000000000     
   0.0000000000000000     
   0.0000000000000000     
   0.0000000000000000     
   0.0000000000000000     
   0.0000000000000000     
   0.0000000000000000     
   0.0000000000000000     
   0.0000000000000000     
   0.0000000000000000     
   0.0000000000000000     
   0.0000000000000000     
   0.0000000000000000     
   0.0000000000000000     
   0.0000000000000000     
   0.0000000000000000     
 0.12312588578380E-17
 0.29865504954661E-16
 0.13705487904265E-15
 0.39065152717267E-15
 0.88226408569723E-15
 0.16945859260350E-14
 0.28566571328503E-14
 0.43466135494630E-14
 0.60763153534163E-14
 0.78836749669799E-14
 0.97187726168580E-14
 0.11279140403813E-13
 0.12553042886716E-13
 0.13465968262755E-13
 0.13904003417760E-13
 0.13818225534296E-13
 0.13125534255326E-13
 0.11949306839640E-13
 0.10444314009162E-13
 0.87539105536737E-14
 0.71114503461469E-14
 0.55171781119414E-14
 0.41186185656954E-14
 0.29560487451721E-14
 0.20418805943121E-14
 0.13571090861447E-14
 0.85284975746831E-15
 0.45601882126557E-15
 0.20062471932982E-15
 0.55203319817746E-16
   0.0000000000000000     
   0.0000000000000000     
   0.0000000000000000     
   0.0000000000000000     
   0.0000000000000000     
   0.0000000000000000     
   0.0000000000000000     
   0.0000000000000000     
   0.0000000000000000     
   0.0000000000000000     
   0.0000000000000000     
   0.0000000000000000     
   0.0000000000000000     
   0.0000000000000000     
   0.0000000000000000     
   0.0000000000000000     
   0.0000000000000000     
   0.0000000000000000     
   0.0000000000000000     
   0.0000000000000000     
 0.18382156466018E-16
 0.90756038337082E-16
 0.27175732043607E-15
 0.66556925218719E-15
 0.13914543993708E-14
 0.25605607679906E-14
 0.41899724853401E-14
 0.62408472946643E-14
 0.86020260310724E-14
 0.11139680856936E-13
 0.13692080180405E-13
 0.15976632640353E-13
 0.17860683526227E-13
 0.19252885434313E-13
 0.19879274926926E-13
 0.19793942380794E-13
 0.18811949958965E-13
 0.17184802158875E-13
 0.15026452093562E-13
 0.12691849695958E-13
 0.10255429255369E-13
 0.79646171419855E-14
 0.59589291091395E-14
 0.43202954409883E-14
 0.29931599360125E-14
 0.19798752607394E-14
 0.11787188149002E-14
 0.61732931762941E-15
 0.26757720812539E-15
 0.73472059140048E-16
   0.0000000000000000     
   0.0000000000000000     
   0.0000000000000000     
   0.0000000000000000     
   0.0000000000000000     
   0.0000000000000000     
   0.0000000000000000     
   0.0000000000000000     
   0.0000000000000000     
   0.0000000000000000     
   0.0000000000000000     
   0.0000000000000000     
   0.0000000000000000     
   0.0000000000000000     
   0.0000000000000000     
   0.0000000000000000     
   0.0000000000000000     
   0.0000000000000000     
   0.0000000000000000     
   0.0000000000000000     
 0.33206033790318E-16
 0.14828634998060E-15
 0.42879496964797E-15
 0.99306666026143E-15
 0.19980889232571E-14
 0.35762013680830E-14
 0.57551909329151E-14
 0.84502669781338E-14
 0.11557875537699E-13
 0.14900680972626E-13
 0.18305455964488E-13
 0.21502232725894E-13
 0.24262990315623E-13
 0.26248654086739E-13
 0.27141515675674E-13
 0.27062637608445E-13
 0.25741754420283E-13
 0.23497679748765E-13
 0.20533161670080E-13
 0.17303752316738E-13
 0.13940810490354E-13
 0.10847963324765E-13
 0.81606503964740E-14
 0.59220763523172E-14
 0.40729608071783E-14
 0.26229132876394E-14
 0.15397060940227E-14
 0.80313635660126E-15
 0.34437476409662E-15
 0.93192704734428E-16
   0.0000000000000000     
   0.0000000000000000     
   0.0000000000000000     
   0.0000000000000000     
   0.0000000000000000     
   0.0000000000000000     
   0.0000000000000000     
   0.0000000000000000     
   0.0000000000000000     
   0.0000000000000000     
   0.0000000000000000     
   0.0000000000000000     
   0.0000000000000000     
   0.0000000000000000     
   0.0000000000000000     
   0.0000000000000000     
   0.0000000000000000     
   0.0000000000000000     
   0.0000000000000000     
   0.0000000000000000     
 0.46836802685740E-16
 0.20785975478547E-15
 0.59027800328026E-15
 0.13552061426944E-14
 0.26748773779646E-14
 0.46988386279316E-14
 0.74498347611392E-14
 0.10867880250035E-13
 0.14852583266010E-13
 0.19091798210829E-13
 0.23492551793541E-13
 0.27735089493573E-13
 0.31561003098033E-13
 0.34333356878770E-13
 0.35717976666474E-13
 0.35683858571153E-13
 0.33849146824904E-13
 0.30806795274384E-13
 0.26895425825980E-13
 0.22476984353871E-13
 0.18097747906766E-13
 0.14103818780148E-13
 0.10609281016323E-13
 0.76245824187032E-14
 0.51926059990484E-14
 0.33216174745221E-14
 0.19498275681569E-14
 0.10022166729389E-14
 0.42565696653374E-15
 0.11187246114435E-15
   0.0000000000000000     
   0.0000000000000000     
   0.0000000000000000     
   0.0000000000000000     
   0.0000000000000000     
   0.0000000000000000     
   0.0000000000000000     
   0.0000000000000000     
   0.0000000000000000     
   0.0000000000000000     
   0.0000000000000000     
   0.0000000000000000     
   0.0000000000000000     
   0.0000000000000000     
   0.0000000000000000     
   0.0000000000000000     
   0.0000000000000000     
   0.0000000000000000     
   0.0000000000000000     
   0.0000000000000000     
 0.62507203300245E-16
 0.27633594655894E-15
 0.76998362590565E-15
 0.17443306932590E-14
 0.34037332961138E-14
 0.58640942652264E-14
 0.91973394868248E-14
 0.13328424110952E-13
 0.18148021486397E-13
 0.23457122976984E-13
 0.29063712893042E-13
 0.34628779330555E-13
 0.39644868760166E-13
 0.43584558681354E-13
 0.45655413852769E-13
 0.45672104717378E-13
 0.43116936824952E-13
 0.39024202838558E-13
 0.33780096655313E-13
 0.28105013153122E-13
 0.22595584436441E-13
 0.17530870731502E-13
 0.13100515721758E-13
 0.93644335183265E-14
 0.63344536180275E-14
 0.40301041178774E-14
 0.23466229076998E-14
 0.11923194784466E-14
 0.49468988108273E-15
 0.13078065704905E-15
   0.0000000000000000     
   0.0000000000000000     
   0.0000000000000000     
   0.0000000000000000     
   0.0000000000000000     
   0.0000000000000000     
   0.0000000000000000     
   0.0000000000000000     
   0.0000000000000000     
   0.0000000000000000     
   0.0000000000000000     
   0.0000000000000000     
   0.0000000000000000     
   0.0000000000000000     
   0.0000000000000000     
   0.0000000000000000     
   0.0000000000000000     
   0.0000000000000000     
   0.0000000000000000     
   0.0000000000000000     
 0.81915701612012E-16
 0.35272545272464E-15
 0.96496762580266E-15
 0.21452446428431E-14
 0.41058750554599E-14
 0.70148965329700E-14
 0.10905943408393E-13
 0.15690515030299E-13
 0.21358666833130E-13
 0.27700259192440E-13
 0.34600580401846E-13
 0.41708088398803E-13
 0.48469110630583E-13
 0.53927177960517E-13
 0.57090060896785E-13
 0.57077985662109E-13
 0.53556942656142E-13
 0.47871482174847E-13
 0.40966402153315E-13
 0.33786273091285E-13
 0.27038194578171E-13
 0.20817641072425E-13
 0.15445976412965E-13
 0.11005463254931E-13
 0.74304126568647E-14
 0.46948332901957E-14
 0.27065401325232E-14
 0.13620491050922E-14
 0.56121705161293E-15
 0.14375298153345E-15
   0.0000000000000000     
   0.0000000000000000     
   0.0000000000000000     
   0.0000000000000000     
   0.0000000000000000     
   0.0000000000000000     
   0.0000000000000000     
   0.0000000000000000     
   0.0000000000000000     
   0.0000000000000000     
   0.0000000000000000     
   0.0000000000000000     
   0.0000000000000000     
   0.0000000000000000     
   0.0000000000000000     
   0.0000000000000000     
   0.0000000000000000     
   0.0000000000000000     
   0.0000000000000000     
   0.0000000000000000     
 0.10160486355959E-15
 0.43110493273017E-15
 0.11494170537269E-14
 0.25099895446100E-14
 0.47485089542964E-14
 0.80340315803169E-14
 0.12420281219483E-13
 0.17805916924759E-13
 0.24205482232543E-13
 0.31484586391290E-13
 0.39652163712268E-13
 0.48363907365072E-13
 0.57216415161148E-13
 0.65207077313826E-13
 0.70404867326773E-13
 0.70456195278595E-13
 0.64875657930527E-13
 0.56810291094598E-13
 0.47938704837003E-13
 0.39129950926591E-13
 0.30983497784023E-13
 0.23703029624147E-13
 0.17578941988379E-13
 0.12473565017391E-13
 0.83583186792968E-14
 0.52242012641970E-14
 0.29905010020742E-14
 0.14870048230868E-14
 0.60285093358892E-15
 0.15224344949190E-15
   0.0000000000000000     
   0.0000000000000000     
   0.0000000000000000     
   0.0000000000000000     
   0.0000000000000000     
   0.0000000000000000     
   0.0000000000000000     
   0.0000000000000000     
   0.0000000000000000     
   0.0000000000000000     
   0.0000000000000000     
   0.0000000000000000     
   0.0000000000000000     
   0.0000000000000000     
   0.0000000000000000     
   0.0000000000000000     
   0.0000000000000000     
   0.0000000000000000     
   0.0000000000000000     
   0.0000000000000000     
 0.12194062235207E-15
 0.50878080067874E-15
 0.13362784894554E-14
 0.28669717088508E-14
 0.53157095919556E-14
 0.88332437236708E-14
 0.13469500005538E-13
 0.19274747058319E-13
 0.26270085888007E-13
 0.34342480279091E-13
 0.43607875447012E-13
 0.53962697955721E-13
 0.65296753667703E-13
 0.77284707090160E-13
 0.87580086408086E-13
 0.87813695047844E-13
 0.77164439416580E-13
 0.64938558636155E-13
 0.53698152270639E-13
 0.43292805618312E-13
 0.34023603786577E-13
 0.25914132092951E-13
 0.19141734669231E-13
 0.13491978686513E-13
 0.90441503691460E-14
 0.56122070621564E-14
 0.31575125780562E-14
 0.15402403061830E-14
 0.61610544356364E-15
 0.15490124932706E-15
   0.0000000000000000     
   0.0000000000000000     
   0.0000000000000000     
   0.0000000000000000     
   0.0000000000000000     
   0.0000000000000000     
   0.0000000000000000     
   0.0000000000000000     
   0.0000000000000000     
   0.0000000000000000     
   0.0000000000000000     
   0.0000000000000000     
   0.0000000000000000     
   0.0000000000000000     
   0.0000000000000000     
   0.0000000000000000     
   0.0000000000000000     
   0.0000000000000000     
   0.0000000000000000     
   0.0000000000000000     
 0.13850960785973E-15
 0.56848171015380E-15
 0.14690480043341E-14
 0.30898016513161E-14
 0.56501303927058E-14
 0.92789076090072E-14
 0.14091231317022E-13
 0.20082724739185E-13
 0.27337318869563E-13
 0.35900221000777E-13
 0.45816177687489E-13
 0.57145838524183E-13
 0.70335022783851E-13
 0.87484448058108E-13
 0.11645406928501E-12
 0.11518340372886E-12
 0.87688543036907E-13
 0.70261491518085E-13
 0.56925064524758E-13
 0.45600189075020E-13
 0.35668353857251E-13
 0.27186479441224E-13
 0.20024757578095E-13
 0.14115784175228E-13
 0.93408618389687E-14
 0.57507670657143E-14
 0.31915009712985E-14
 0.15357809661755E-14
 0.60285605470751E-15
 0.14887483668720E-15
   0.0000000000000000     
   0.0000000000000000     
   0.0000000000000000     
   0.0000000000000000     
   0.0000000000000000     
   0.0000000000000000     
   0.0000000000000000     
   0.0000000000000000     
   0.0000000000000000     
   0.0000000000000000     
   0.0000000000000000     
   0.0000000000000000     
   0.0000000000000000     
   0.0000000000000000     
   0.0000000000000000     
   0.0000000000000000     
   0.0000000000000000     
   0.0000000000000000     
   0.0000000000000000     
   0.0000000000000000     
 0.15051492601957E-15
 0.60545866711442E-15
 0.15409832892677E-14
 0.31898525267465E-14
 0.57610852758325E-14
 0.93440885401281E-14
 0.14097083776550E-13
 0.20033481273952E-13
 0.27267375227629E-13
 0.35795992154957E-13
 0.45758737183939E-13
 0.57063149129541E-13
 0.70396470010900E-13
 0.87700376754740E-13
 0.11499769715337E-12
 0.26461515143172E-12
 0.87600437602675E-13
 0.70392920091627E-13
 0.57185191451632E-13
 0.45823842557820E-13
 0.35930736013903E-13
 0.27295992898201E-13
 0.20072782086625E-13
 0.14068011773434E-13
 0.92457402365916E-14
 0.56308637321215E-14
 0.30731370682627E-14
 0.14622207350353E-14
 0.56509007436283E-15
 0.13814331623029E-15
   0.0000000000000000     
   0.0000000000000000     
   0.0000000000000000     
   0.0000000000000000     
   0.0000000000000000     
   0.0000000000000000     
   0.0000000000000000     
   0.0000000000000000     
   0.0000000000000000     
   0.0000000000000000     
   0.0000000000000000     
   0.0000000000000000     
   0.0000000000000000     
   0.0000000000000000     
   0.0000000000000000     
   0.0000000000000000     
   0.0000000000000000     
   0.0000000000000000     
   0.0000000000000000     
   0.0000000000000000     
 0.15359376073922E-15
 0.61535024481718E-15
 0.15381149097188E-14
 0.31480873578594E-14
 0.56078274410059E-14
 0.90284236767296E-14
 0.13509306890116E-13
 0.19123041485496E-13
 0.25984833339066E-13
 0.34030498781255E-13
 0.43317783612247E-13
 0.53626322592003E-13
 0.65038475166970E-13
 0.77154160622501E-13
 0.87612064596318E-13
 0.87588832621667E-13
 0.77341818039829E-13
 0.65257337847291E-13
 0.53984316191782E-13
 0.43643969673154E-13
 0.34424654558756E-13
 0.26316199744322E-13
 0.19329823511302E-13
 0.13474255839908E-13
 0.88184559551134E-14
 0.52919708951537E-14
 0.28571530911002E-14
 0.13348614152919E-14
 0.51047591514420E-15
 0.12045675851189E-15
   0.0000000000000000     
   0.0000000000000000     
   0.0000000000000000     
   0.0000000000000000     
   0.0000000000000000     
   0.0000000000000000     
   0.0000000000000000     
   0.0000000000000000     
   0.0000000000000000     
   0.0000000000000000     
   0.0000000000000000     
   0.0000000000000000     
   0.0000000000000000     
   0.0000000000000000     
   0.0000000000000000     
   0.0000000000000000     
   0.0000000000000000     
   0.0000000000000000     
   0.0000000000000000     
   0.0000000000000000     
 0.15108112281255E-15
 0.59337835291783E-15
 0.14658559404014E-14
 0.29784713302941E-14
 0.52534120109283E-14
 0.84050840223352E-14
 0.12518299682049E-13
 0.17602213455875E-13
 0.23774983712274E-13
 0.30989887377016E-13
 0.39107514901517E-13
 0.47921861392964E-13
 0.56889039207032E-13
 0.64968089486958E-13
 0.70317752816798E-13
 0.70483523576068E-13
 0.65181504498849E-13
 0.57230819274435E-13
 0.48545041611561E-13
 0.39676638222064E-13
 0.31537465947246E-13
 0.24193045419404E-13
 0.17766757070627E-13
 0.12378608456843E-13
 0.80305557754061E-14
 0.47568262745310E-14
 0.25117809983990E-14
 0.11477473589283E-14
 0.42874954726034E-15
 0.10171264170333E-15
   0.0000000000000000     
   0.0000000000000000     
   0.0000000000000000     
   0.0000000000000000     
   0.0000000000000000     
   0.0000000000000000     
   0.0000000000000000     
   0.0000000000000000     
   0.0000000000000000     
   0.0000000000000000     
   0.0000000000000000     
   0.0000000000000000     
   0.0000000000000000     
   0.0000000000000000     
   0.0000000000000000     
   0.0000000000000000     
   0.0000000000000000     
   0.0000000000000000     
   0.0000000000000000     
   0.0000000000000000     
 0.14534083157661E-15
 0.56269900389878E-15
 0.13658023185618E-14
 0.27128062525204E-14
 0.47168408774131E-14
 0.74535906535987E-14
 0.11028967252171E-13
 0.15480888855424E-13
 0.20811819424550E-13
 0.26953519950067E-13
 0.33797200774265E-13
 0.40975396592197E-13
 0.47856746800904E-13
 0.53599181608370E-13
 0.56984137508354E-13
 0.57124767458840E-13
 0.54039569131048E-13
 0.48426112563587E-13
 0.41737850156778E-13
 0.34670197862988E-13
 0.27703666287331E-13
 0.21362187501006E-13
 0.15725702881451E-13
 0.10883634577022E-13
 0.69988440134890E-14
 0.41044188143991E-14
 0.21434878158686E-14
 0.96287049276853E-15
 0.35105004895913E-15
 0.81700481691315E-16
   0.0000000000000000     
   0.0000000000000000     
   0.0000000000000000     
   0.0000000000000000     
   0.0000000000000000     
   0.0000000000000000     
   0.0000000000000000     
   0.0000000000000000     
   0.0000000000000000     
   0.0000000000000000     
   0.0000000000000000     
   0.0000000000000000     
   0.0000000000000000     
   0.0000000000000000     
   0.0000000000000000     
   0.0000000000000000     
   0.0000000000000000     
   0.0000000000000000     
   0.0000000000000000     
   0.0000000000000000     
 0.13034613182595E-15
 0.49899746146917E-15
 0.11954904952131E-14
 0.23408858021414E-14
 0.40408925306884E-14
 0.63457240632022E-14
 0.93465405270810E-14
 0.13062270109867E-13
 0.17477069333917E-13
 0.22564506076034E-13
 0.28067756931677E-13
 0.33751923036153E-13
 0.39036273856932E-13
 0.43133720908582E-13
 0.45620795849615E-13
 0.45685020451504E-13
 0.43631878225476E-13
 0.39690917577788E-13
 0.34627841336593E-13
 0.29116750631668E-13
 0.23511003750217E-13
 0.18154566184487E-13
 0.13332090372426E-13
 0.91987592296204E-14
 0.58388671316310E-14
 0.33693684578835E-14
 0.17364902962908E-14
 0.76847557368751E-15
 0.27813603369348E-15
 0.63035432555081E-16
   0.0000000000000000     
   0.0000000000000000     
   0.0000000000000000     
   0.0000000000000000     
   0.0000000000000000     
   0.0000000000000000     
   0.0000000000000000     
   0.0000000000000000     
   0.0000000000000000     
   0.0000000000000000     
   0.0000000000000000     
   0.0000000000000000     
   0.0000000000000000     
   0.0000000000000000     
   0.0000000000000000     
   0.0000000000000000     
   0.0000000000000000     
   0.0000000000000000     
   0.0000000000000000     
   0.0000000000000000     
 0.11231170539058E-15
 0.42389672523869E-15
 0.10021116826581E-14
 0.19542676554176E-14
 0.33226329470623E-14
 0.51915646534572E-14
 0.75973276442967E-14
 0.10565548733725E-13
 0.14087173830199E-13
 0.18124774974884E-13
 0.22493694387507E-13
 0.26930263918601E-13
 0.30877999517107E-13
 0.33894134571869E-13
 0.35571489920363E-13
 0.35717270515116E-13
 0.34339740544772E-13
 0.31561026244357E-13
 0.27766470168167E-13
 0.23516413865171E-13
 0.19113736869348E-13
 0.14819829316175E-13
 0.10876633555278E-13
 0.74503202496076E-14
 0.46926666706933E-14
 0.26790183404242E-14
 0.13410820606215E-14
 0.58558473982287E-15
 0.20895141334448E-15
 0.46640624790683E-16
   0.0000000000000000     
   0.0000000000000000     
   0.0000000000000000     
   0.0000000000000000     
   0.0000000000000000     
   0.0000000000000000     
   0.0000000000000000     
   0.0000000000000000     
   0.0000000000000000     
   0.0000000000000000     
   0.0000000000000000     
   0.0000000000000000     
   0.0000000000000000     
   0.0000000000000000     
   0.0000000000000000     
   0.0000000000000000     
   0.0000000000000000     
   0.0000000000000000     
   0.0000000000000000     
   0.0000000000000000     
 0.93549789263973E-16
 0.34772408022484E-15
 0.80689820526144E-15
 0.15435719710690E-14
 0.26139509677077E-14
 0.40571141774954E-14
 0.58845303015425E-14
 0.81366891326374E-14
 0.10856804504692E-13
 0.13940614717368E-13
 0.17278283869653E-13
 0.20638099591833E-13
 0.23555209967244E-13
 0.25729764482628E-13
 0.27040470652462E-13
 0.27153382215364E-13
 0.26150505515883E-13
 0.24184365975104E-13
 0.21461647486151E-13
 0.18251792146860E-13
 0.14852422341661E-13
 0.11576526357251E-13
 0.84418564413730E-14
 0.57455539962310E-14
 0.35578415990901E-14
 0.20073644116227E-14
 0.99703722686612E-15
 0.42812533500004E-15
 0.14803449853762E-15
 0.33101377283518E-16
   0.0000000000000000     
   0.0000000000000000     
   0.0000000000000000     
   0.0000000000000000     
   0.0000000000000000     
   0.0000000000000000     
   0.0000000000000000     
   0.0000000000000000     
   0.0000000000000000     
   0.0000000000000000     
   0.0000000000000000     
   0.0000000000000000     
   0.0000000000000000     
   0.0000000000000000     
   0.0000000000000000     
   0.0000000000000000     
   0.0000000000000000     
   0.0000000000000000     
   0.0000000000000000     
   0.0000000000000000     
 0.74962057086098E-16
 0.26875068814929E-15
 0.61987333304281E-15
 0.11832757720651E-14
 0.19716658935194E-14
 0.29854213089781E-14
 0.42851812523644E-14
 0.59815790065991E-14
 0.79708540950776E-14
 0.10248345614321E-13
 0.12678179650062E-13
 0.15139579255947E-13
 0.17184997619628E-13
 0.18801365402334E-13
 0.19830993241423E-13
 0.19876509294499E-13
 0.19191504269303E-13
 0.17846271441646E-13
 0.15915903993302E-13
 0.13620334985393E-13
 0.11085718376158E-13
 0.86149673720189E-14
 0.62738657887336E-14
 0.41814280343986E-14
 0.25467595923602E-14
 0.13862638963509E-14
 0.66715382737177E-15
 0.27127384863063E-15
 0.90805123812917E-16
 0.18397902147719E-16
   0.0000000000000000     
   0.0000000000000000     
   0.0000000000000000     
   0.0000000000000000     
   0.0000000000000000     
   0.0000000000000000     
   0.0000000000000000     
   0.0000000000000000     
   0.0000000000000000     
   0.0000000000000000     
   0.0000000000000000     
   0.0000000000000000     
   0.0000000000000000     
   0.0000000000000000     
   0.0000000000000000     
   0.0000000000000000     
   0.0000000000000000     
   0.0000000000000000     
   0.0000000000000000     
   0.0000000000000000     
 0.55851798203389E-16
 0.20180976142980E-15
 0.45955839075323E-15
 0.85588520562253E-15
 0.13523411057278E-14
 0.20437654650915E-14
 0.29729899688082E-14
 0.41312709341068E-14
 0.55156229046116E-14
 0.71146919898533E-14
 0.88408971527830E-14
 0.10528340452598E-13
 0.11958533045039E-13
 0.13094155879040E-13
 0.13822927135587E-13
 0.13918060541315E-13
 0.13469691217849E-13
 0.12577908874998E-13
 0.11266854762304E-13
 0.96642973475114E-14
 0.78542540665829E-14
 0.60635746671019E-14
 0.43676845524760E-14
 0.28780973558210E-14
 0.16895524025614E-14
 0.87551624355222E-15
 0.39173391533819E-15
 0.13826571005238E-15
 0.29731863681892E-16
 0.12168346816411E-17
   0.0000000000000000     
   0.0000000000000000     
   0.0000000000000000     
   0.0000000000000000     
   0.0000000000000000     
   0.0000000000000000     
   0.0000000000000000     
   0.0000000000000000     
   0.0000000000000000     
   0.0000000000000000     
   0.0000000000000000     
   0.0000000000000000     
   0.0000000000000000     
   0.0000000000000000     
   0.0000000000000000     
   0.0000000000000000     
   0.0000000000000000     
   0.0000000000000000     
   0.0000000000000000     
   0.0000000000000000     
 0.40511742688406E-16
 0.14376716240610E-15
 0.30825544262699E-15
 0.52593669744542E-15
 0.84106314779175E-15
 0.12785846619308E-14
 0.18799783059598E-14
 0.26355011247657E-14
 0.35474998434981E-14
 0.46176770555521E-14
 0.57765317494368E-14
 0.68623606389669E-14
 0.78503395707747E-14
 0.85975136754980E-14
 0.90756800393590E-14
 0.91721270582000E-14
 0.89170964187879E-14
 0.83349676736818E-14
 0.75282961500254E-14
 0.64912001461056E-14
 0.52570208776473E-14
 0.39951974473073E-14
 0.28133785806739E-14
 0.18080398942504E-14
 0.10173208955766E-14
 0.48436228739474E-15
 0.17943296804568E-15
 0.37691030804187E-16
 0.13215570405836E-18
   0.0000000000000000     
   0.0000000000000000     
   0.0000000000000000     
   0.0000000000000000     
   0.0000000000000000     
   0.0000000000000000     
   0.0000000000000000     
   0.0000000000000000     
   0.0000000000000000     
   0.0000000000000000     
   0.0000000000000000     
   0.0000000000000000     
   0.0000000000000000     
   0.0000000000000000     
   0.0000000000000000     
   0.0000000000000000     
   0.0000000000000000     
   0.0000000000000000     
   0.0000000000000000     
   0.0000000000000000     
   0.0000000000000000     
 0.28255354842435E-16
 0.84622605629885E-16
 0.15939834865796E-15
 0.27736197860925E-15
 0.45823642218926E-15
 0.71285229263070E-15
 0.10738047320130E-14
 0.15242552575895E-14
 0.20911176654568E-14
 0.27485973300867E-14
 0.34507501365907E-14
 0.41316491701571E-14
 0.47262317584398E-14
 0.52301591324710E-14
 0.55591377648928E-14
 0.56533214483112E-14
 0.55269240805025E-14
 0.51733899794562E-14
 0.46844309421155E-14
 0.40440012785020E-14
 0.32498303823356E-14
 0.24378673346540E-14
 0.16637398576114E-14
 0.10048639432447E-14
 0.51958461429079E-15
 0.20173126781777E-15
 0.39904528775516E-16
   0.0000000000000000     
   0.0000000000000000     
   0.0000000000000000     
   0.0000000000000000     
   0.0000000000000000     
   0.0000000000000000     
   0.0000000000000000     
   0.0000000000000000     
   0.0000000000000000     
   0.0000000000000000     
   0.0000000000000000     
   0.0000000000000000     
   0.0000000000000000     
   0.0000000000000000     
   0.0000000000000000     
   0.0000000000000000     
   0.0000000000000000     
   0.0000000000000000     
   0.0000000000000000     
   0.0000000000000000     
   0.0000000000000000     
   0.0000000000000000     
   0.0000000000000000     
 0.90040862917237E-17
 0.25763377214899E-16
 0.56374558165090E-16
 0.11326424753745E-15
 0.19772988630335E-15
 0.33246854628195E-15
 0.51874474152399E-15
 0.76509997392168E-15
 0.10781633722758E-14
 0.14565164861570E-14
 0.18456248417541E-14
 0.22443060256105E-14
 0.26005816950997E-14
 0.29056771867410E-14
 0.31198261451481E-14
 0.31915706133933E-14
 0.31391797467150E-14
 0.29746900542333E-14
 0.27001585494384E-14
 0.23200635020759E-14
 0.18409603169497E-14
 0.13370515561438E-14
 0.86699779793618E-15
 0.47392381276091E-15
 0.19268294205294E-15
 0.32797995587452E-16
   0.0000000000000000     
   0.0000000000000000     
   0.0000000000000000     
   0.0000000000000000     
   0.0000000000000000     
   0.0000000000000000     
   0.0000000000000000     
   0.0000000000000000     
   0.0000000000000000     
   0.0000000000000000     
   0.0000000000000000     
   0.0000000000000000     
   0.0000000000000000     
   0.0000000000000000     
   0.0000000000000000     
   0.0000000000000000     
   0.0000000000000000     
   0.0000000000000000     
   0.0000000000000000     
   0.0000000000000000     
   0.0000000000000000     
   0.0000000000000000     
   0.0000000000000000     
   0.0000000000000000     
   0.0000000000000000     
   0.0000000000000000     
 0.46497257443891E-17
 0.17407513221469E-16
 0.49105049501984E-16
 0.10305108538679E-15
 0.18603188181255E-15
 0.29979170545468E-15
 0.45843302575699E-15
 0.64498829853184E-15
 0.84773718174878E-15
 0.10611345303188E-14
 0.12662917100792E-14
 0.14350216265457E-14
 0.15645412725496E-14
 0.16271580188235E-14
 0.16153187573110E-14
 0.15489367514793E-14
 0.14120746506198E-14
 0.12197224472585E-14
 0.93253689963781E-15
 0.64476785143078E-15
 0.36969715915376E-15
 0.15701969736453E-15
 0.20296989255655E-16
   0.0000000000000000     
   0.0000000000000000     
   0.0000000000000000     
   0.0000000000000000     
   0.0000000000000000     
   0.0000000000000000     
   0.0000000000000000     
   0.0000000000000000     
   0.0000000000000000     
   0.0000000000000000     
   0.0000000000000000     
   0.0000000000000000     
   0.0000000000000000     
   0.0000000000000000     
   0.0000000000000000     
   0.0000000000000000     
   0.0000000000000000     
   0.0000000000000000     
   0.0000000000000000     
   0.0000000000000000     
   0.0000000000000000     
   0.0000000000000000     
   0.0000000000000000     
   0.0000000000000000     
   0.0000000000000000     
   0.0000000000000000     
   0.0000000000000000     
   0.0000000000000000     
   0.0000000000000000     
   0.0000000000000000     
 0.32963598359716E-17
 0.20632613729744E-16
 0.57566801303717E-16
 0.12235921995448E-15
 0.20406260585967E-15
 0.29897030367447E-15
 0.40086692962766E-15
 0.50868614290793E-15
 0.60224110399062E-15
 0.68700109640739E-15
 0.72687853038570E-15
 0.73172544489524E-15
 0.71841845061579E-15
 0.66292225355913E-15
 0.56541712287782E-15
 0.41180823326586E-15
 0.25130920562073E-15
 0.10441906688032E-15
 0.12082006255297E-16
   0.0000000000000000     
   0.0000000000000000     
   0.0000000000000000     
   0.0000000000000000     
   0.0000000000000000     
   0.0000000000000000     
   0.0000000000000000     
   0.0000000000000000     
   0.0000000000000000     
   0.0000000000000000     
   0.0000000000000000     
   0.0000000000000000     
   0.0000000000000000     
   0.0000000000000000     
   0.0000000000000000     
   0.0000000000000000     
   0.0000000000000000     
   0.0000000000000000     
   0.0000000000000000     
   0.0000000000000000     
   0.0000000000000000     
   0.0000000000000000     
   0.0000000000000000     
   0.0000000000000000     
   0.0000000000000000     
   0.0000000000000000     
   0.0000000000000000     
   0.0000000000000000     
   0.0000000000000000     
   0.0000000000000000     
   0.0000000000000000     
   0.0000000000000000     
   0.0000000000000000     
   0.0000000000000000     
   0.0000000000000000     
 0.16064911857561E-16
 0.41834904060770E-16
 0.87267634892254E-16
 0.13840500530045E-15
 0.18901463152742E-15
 0.23281404930475E-15
 0.26535069808446E-15
 0.28061549451403E-15
 0.28568164687057E-15
 0.27154309311915E-15
 0.22680795789004E-15
 0.14564587718090E-15
 0.59044287143769E-16
 0.57151482252945E-17
   0.0000000000000000     
   0.0000000000000000     
   0.0000000000000000     
   0.0000000000000000     
   0.0000000000000000     
   0.0000000000000000     
   0.0000000000000000     
   0.0000000000000000     
   0.0000000000000000     
   0.0000000000000000     
   0.0000000000000000     
   0.0000000000000000     
   0.0000000000000000     
   0.0000000000000000     
   0.0000000000000000     
   0.0000000000000000     
   0.0000000000000000     
   0.0000000000000000     
   0.0000000000000000     
   0.0000000000000000     
   0.0000000000000000     
   0.0000000000000000     
   0.0000000000000000     
   0.0000000000000000     
   0.0000000000000000     
   0.0000000000000000     
   0.0000000000000000     
   0.0000000000000000     
   0.0000000000000000     
   0.0000000000000000     
   0.0000000000000000     
   0.0000000000000000     
   0.0000000000000000     
   0.0000000000000000     
   0.0000000000000000     
   0.0000000000000000     
   0.0000000000000000     
   0.0000000000000000     
   0.0000000000000000     
 0.42008724583499E-17
 0.19657188149201E-16
 0.39983761503306E-16
 0.61396082898565E-16
 0.76573155631952E-16
 0.88379391113588E-16
 0.90411793533889E-16
 0.70947030776744E-16
 0.28069016265807E-16
 0.13178688168606E-17
   0.0000000000000000     
   0.0000000000000000     
   0.0000000000000000     
   0.0000000000000000     
   0.0000000000000000     
   0.0000000000000000     
   0.0000000000000000     
   0.0000000000000000     
   0.0000000000000000     
   0.0000000000000000     
   0.0000000000000000     
   0.0000000000000000     
   0.0000000000000000     
   0.0000000000000000     
   0.0000000000000000     
   0.0000000000000000     
   0.0000000000000000     
   0.0000000000000000     
   0.0000000000000000     
   0.0000000000000000     
   0.0000000000000000     
   0.0000000000000000     
   0.0000000000000000     
   0.0000000000000000     
   0.0000000000000000     
   0.0000000000000000     
   0.0000000000000000     
   0.0000000000000000     
   0.0000000000000000     
   0.0000000000000000     
   0.0000000000000000     
   0.0000000000000000     
   0.0000000000000000     
   0.0000000000000000     
   0.0000000000000000     
   0.0000000000000000     
   0.0000000000000000     
   0.0000000000000000     
   0.0000000000000000     
   0.0000000000000000     
   0.0000000000000000     
   0.0000000000000000     
   0.0000000000000000     
 0.61682562324665E-19
 0.55804439947100E-17
 0.11425837463248E-16
 0.17730024557406E-16
 0.11415551542747E-16
   0.0000000000000000     
   0.0000000000000000     
   0.0000000000000000     
   0.0000000000000000     
   0.0000000000000000     
   0.0000000000000000     
   0.0000000000000000     
   0.0000000000000000     
   0.0000000000000000     
   0.0000000000000000     
   0.0000000000000000     
   0.0000000000000000     
   0.0000000000000000     
   0.0000000000000000     
   0.0000000000000000     
   0.0000000000000000     
   0.0000000000000000     
   0.0000000000000000     
   0.0000000000000000     
   0.0000000000000000     
   0.0000000000000000     
   0.0000000000000000     
   0.0000000000000000     
   0.0000000000000000     
   0.0000000000000000     
   0.0000000000000000     
   0.0000000000000000     
   0.0000000000000000     
   0.0000000000000000     
   0.0000000000000000     
   0.0000000000000000     
   0.0000000000000000     
   0.0000000000000000     
   0.0000000000000000     
   0.0000000000000000     
   0.0000000000000000     
   0.0000000000000000     
   0.0000000000000000     
   0.0000000000000000     
   0.0000000000000000     
   0.0000000000000000     
   0.0000000000000000     
   0.0000000000000000     
   0.0000000000000000     
   0.0000000000000000     
   0.0000000000000000     
   0.0000000000000000     
   0.0000000000000000     
   0.0000000000000000     
   0.0000000000000000     
   0.0000000000000000     
   0.0000000000000000     
   0.0000000000000000     
   0.0000000000000000     
   0.0000000000000000     
   0.0000000000000000     
   0.0000000000000000     
   0.0000000000000000     
   0.0000000000000000     
   0.0000000000000000     
   0.0000000000000000     
   0.0000000000000000     
   0.0000000000000000     
   0.0000000000000000     
   0.0000000000000000     
   0.0000000000000000     
   0.0000000000000000     
   0.0000000000000000     
   0.0000000000000000     
   0.0000000000000000     
   0.0000000000000000     
   0.0000000000000000     
   0.0000000000000000     
   0.0000000000000000     
   0.0000000000000000     
   0.0000000000000000     
   0.0000000000000000     
   0.0000000000000000     
   0.0000000000000000     
   0.0000000000000000     
   0.0000000000000000     
   0.0000000000000000     
   0.0000000000000000     
   0.0000000000000000     
   0.0000000000000000     
   0.0000000000000000     
   0.0000000000000000     
   0.0000000000000000     
   0.0000000000000000     
   0.0000000000000000     
   0.0000000000000000     
   0.0000000000000000     
   0.0000000000000000     
   0.0000000000000000     
   0.0000000000000000     
   0.0000000000000000     
   0.0000000000000000     
   0.0000000000000000     
   0.0000000000000000     
   0.0000000000000000     
   0.0000000000000000     
   0.0000000000000000     
   0.0000000000000000     
   0.0000000000000000     
   0.0000000000000000     
   0.0000000000000000     
   0.0000000000000000     
   0.0000000000000000     
   0.0000000000000000     
   0.0000000000000000     
   0.0000000000000000     
   0.0000000000000000     
   0.0000000000000000     
   0.0000000000000000     
   0.0000000000000000     
   0.0000000000000000     
   0.0000000000000000     
   0.0000000000000000     
   0.0000000000000000     
   0.0000000000000000     
   0.0000000000000000     
   0.0000000000000000     
   0.0000000000000000     
   0.0000000000000000     
   0.0000000000000000     
   0.0000000000000000     
   0.0000000000000000     
   0.0000000000000000     
   0.0000000000000000     
   0.0000000000000000     
   0.0000000000000000     
   0.0000000000000000     
   0.0000000000000000     
   0.0000000000000000     
   0.0000000000000000     
   0.0000000000000000     
   0.0000000000000000     
   0.0000000000000000     
   0.0000000000000000     
   0.0000000000000000     
   0.0000000000000000     
   0.0000000000000000     
   0.0000000000000000     
   0.0000000000000000     
   0.0000000000000000     
   0.0000000000000000     
   0.0000000000000000     
   0.0000000000000000     
   0.0000000000000000     
   0.0000000000000000     
   0.0000000000000000     
   0.0000000000000000     
   0.0000000000000000     
   0.0000000000000000     
   0.0000000000000000     
   0.0000000000000000     
   0.0000000000000000     
   0.0000000000000000     
   0.0000000000000000     
   0.0000000000000000     
   0.0000000000000000     
   0.0000000000000000     
   0.0000000000000000     
   0.0000000000000000     
   0.0000000000000000     
   0.0000000000000000     
   0.0000000000000000     
   0.0000000000000000     
   0.0000000000000000     
   0.0000000000000000     
   0.0000000000000000     
   0.0000000000000000     
   0.0000000000000000     
   0.0000000000000000     
   0.0000000000000000     
   0.0000000000000000     
   0.0000000000000000     
   0.0000000000000000     
   0.0000000000000000     
   0.0000000000000000     
   0.0000000000000000     
   0.0000000000000000     
   0.0000000000000000     
   0.0000000000000000     
   0.0000000000000000     
   0.0000000000000000     
   0.0000000000000000     
   0.0000000000000000     
   0.0000000000000000     
   0.0000000000000000     
   0.0000000000000000     
   0.0000000000000000     
   0.0000000000000000     
   0.0000000000000000     
   0.0000000000000000     
   0.0000000000000000     
   0.0000000000000000     
   0.0000000000000000     
   0.0000000000000000     
   0.0000000000000000     
   0.0000000000000000     
   0.0000000000000000     
   0.0000000000000000     
   0.0000000000000000     
   0.0000000000000000     
   0.0000000000000000     
   0.0000000000000000     
   0.0000000000000000     
   0.0000000000000000     
   0.0000000000000000     
   0.0000000000000000     
   0.0000000000000000     
   0.0000000000000000     
   0.0000000000000000     
   0.0000000000000000     
   0.0000000000000000     
   0.0000000000000000     
   0.0000000000000000     
   0.0000000000000000     
   0.0000000000000000     
   0.0000000000000000     
   0.0000000000000000     
   0.0000000000000000     
   0.0000000000000000     
   0.0000000000000000     
   0.0000000000000000     
   0.0000000000000000     
   0.0000000000000000     
   0.0000000000000000     
   0.0000000000000000     
   0.0000000000000000     
   0.0000000000000000     
   0.0000000000000000     
   0.0000000000000000     
   0.0000000000000000     
   0.0000000000000000     
   0.0000000000000000     
   0.0000000000000000     
   0.0000000000000000     
   0.0000000000000000     
   0.0000000000000000     
   0.0000000000000000     
   0.0000000000000000     
   0.0000000000000000     
   0.0000000000000000     
   0.0000000000000000     
   0.0000000000000000     
   0.0000000000000000     
   0.0000000000000000     
   0.0000000000000000     
   0.0000000000000000     
   0.0000000000000000     
   0.0000000000000000     
   0.0000000000000000     
   0.0000000000000000     
   0.0000000000000000     
   0.0000000000000000     
   0.0000000000000000     
   0.0000000000000000     
   0.0000000000000000     
   0.0000000000000000     
   0.0000000000000000     
   0.0000000000000000     
   0.0000000000000000     
   0.0000000000000000     
   0.0000000000000000     
   0.0000000000000000     
   0.0000000000000000     
   0.0000000000000000     
   0.0000000000000000     
   0.0000000000000000     
   0.0000000000000000     
   0.0000000000000000     
   0.0000000000000000     
   0.0000000000000000     
   0.0000000000000000     
   0.0000000000000000     
   0.0000000000000000     
   0.0000000000000000     
   0.0000000000000000     
   0.0000000000000000     
   0.0000000000000000     
   0.0000000000000000     
   0.0000000000000000     
   0.0000000000000000     
   0.0000000000000000     
   0.0000000000000000     
   0.0000000000000000     
   0.0000000000000000     
   0.0000000000000000     
   0.0000000000000000     
   0.0000000000000000     
   0.0000000000000000     
   0.0000000000000000     
   0.0000000000000000     
   0.0000000000000000     
   0.0000000000000000     
   0.0000000000000000     
   0.0000000000000000     
   0.0000000000000000     
   0.0000000000000000     
   0.0000000000000000     
   0.0000000000000000     
   0.0000000000000000     
   0.0000000000000000     
   0.0000000000000000     
   0.0000000000000000     
   0.0000000000000000     
   0.0000000000000000     
   0.0000000000000000     
   0.0000000000000000     
   0.0000000000000000     
   0.0000000000000000     
   0.0000000000000000     
   0.0000000000000000     
   0.0000000000000000     
   0.0000000000000000     
   0.0000000000000000     
   0.0000000000000000     
   0.0000000000000000     
   0.0000000000000000     
   0.0000000000000000     
   0.0000000000000000     
   0.0000000000000000     
   0.0000000000000000     
   0.0000000000000000     
   0.0000000000000000     
   0.0000000000000000     
   0.0000000000000000     
   0.0000000000000000     
   0.0000000000000000     
   0.0000000000000000     
   0.0000000000000000     
   0.0000000000000000     
   0.0000000000000000     
   0.0000000000000000     
   0.0000000000000000     
   0.0000000000000000     
   0.0000000000000000     
   0.0000000000000000     
   0.0000000000000000     
   0.0000000000000000     
   0.0000000000000000     
   0.0000000000000000     
   0.0000000000000000     
   0.0000000000000000     
   0.0000000000000000     
   0.0000000000000000     
   0.0000000000000000     
   0.0000000000000000     
   0.0000000000000000     
   0.0000000000000000     
   0.0000000000000000     
   0.0000000000000000     
   0.0000000000000000     
   0.0000000000000000     
   0.0000000000000000     
   0.0000000000000000     
   0.0000000000000000     
   0.0000000000000000     
   0.0000000000000000     
   0.0000000000000000     
   0.0000000000000000     
   0.0000000000000000     
   0.0000000000000000     
   0.0000000000000000     
   0.0000000000000000     
   0.0000000000000000     
   0.0000000000000000     
   0.0000000000000000     
   0.0000000000000000     
   0.0000000000000000     
   0.0000000000000000     
   0.0000000000000000     
   0.0000000000000000     
   0.0000000000000000     
   0.0000000000000000     
   0.0000000000000000     
   0.0000000000000000     
   0.0000000000000000     
   0.0000000000000000     
   0.0000000000000000     
   0.0000000000000000     
   0.0000000000000000     
   0.0000000000000000     
   0.0000000000000000     
   0.0000000000000000     
   0.0000000000000000     
   0.0000000000000000     
   0.0000000000000000     
   0.0000000000000000     
   0.0000000000000000     
   0.0000000000000000     
   0.0000000000000000     
   0.0000000000000000     
   0.0000000000000000     
   0.0000000000000000     
   0.0000000000000000     
   0.0000000000000000     
   0.0000000000000000     
   0.0000000000000000     
   0.0000000000000000     
   0.0000000000000000     
   0.0000000000000000     
   0.0000000000000000     
   0.0000000000000000     
   0.0000000000000000     
   0.0000000000000000     
   0.0000000000000000     
   0.0000000000000000     
   0.0000000000000000     
   0.0000000000000000     
   0.0000000000000000     
   0.0000000000000000     
   0.0000000000000000     
   0.0000000000000000     
   0.0000000000000000     
   0.0000000000000000     
   0.0000000000000000     
   0.0000000000000000     
  
