           1
         110           1
           1
  
 0.00000000000000E+00
 0.69600000000000E+11
 0.10259972727273E+14
 0.17053554545455E+14
 0.23847136363636E+14
 0.30640718181818E+14
 0.37434300000000E+14
 0.44227881818182E+14
 0.51021463636364E+14
 0.57815045454545E+14
 0.64608627272727E+14
 0.69703813636364E+14
 0.73100608285405E+14
 0.75948012594800E+14
 0.78281317828131E+14
 0.80686308068630E+14
 0.83165188316518E+14
 0.85720218572021E+14
 0.88353748835374E+14
 0.91068189106818E+14
 0.93866019386601E+14
 0.96749809674980E+14
 0.99722214972220E+14
 0.10278591027859E+15
 0.10594371059437E+15
 0.10919856091986E+15
 0.11255341125534E+15
 0.11601131160113E+15
 0.11957546195754E+15
 0.12324911232491E+15
 0.12703561270356E+15
 0.13093846309384E+15
 0.13496121349612E+15
 0.13910756391076E+15
 0.14338131433813E+15
 0.14778631477863E+15
 0.15232666523266E+15
 0.15700651570065E+15
 0.16183011618301E+15
 0.16680191668019E+15
 0.17192646719264E+15
 0.17720846772084E+15
 0.18265271826527E+15
 0.18826426882642E+15
 0.19404821940482E+15
 0.20000982000098E+15
 0.20615462061546E+15
 0.21248822124882E+15
 0.21901637190164E+15
 0.22574507257450E+15
 0.23268047326804E+15
 0.23982897398290E+15
 0.24719712471971E+15
 0.25479162547916E+15
 0.26261942626194E+15
 0.27068772706877E+15
 0.27900387790038E+15
 0.28757552875755E+15
 0.29641057964106E+15
 0.30551703055170E+15
 0.31490323149032E+15
 0.32457778245778E+15
 0.33454958345496E+15
 0.34482778448278E+15
 0.35542173554217E+15
 0.36634113663411E+15
 0.37759603775960E+15
 0.38919668891966E+15
 0.40115374011537E+15
 0.41347814134781E+15
 0.42618119261812E+15
 0.43927454392745E+15
 0.45277009527700E+15
 0.46668024666802E+15
 0.48101779810178E+15
 0.49579584957958E+15
 0.51102790110278E+15
 0.52672790267278E+15
 0.54291020429102E+15
 0.55958970595896E+15
 0.57678165767816E+15
 0.59450175945017E+15
 0.61276631127662E+15
 0.63159196315919E+15
 0.65099596509959E+15
 0.67099616709961E+15
 0.69161081916108E+15
 0.71285877128587E+15
 0.73475947347594E+15
 0.75733302573330E+15
 0.78060012806000E+15
 0.80458203045820E+15
 0.82930073293006E+15
 0.85477888547788E+15
 0.88103973810396E+15
 0.90810739081073E+15
 0.93600664360066E+15
 0.96476299647629E+15
 0.99440289944028E+15
 0.10249536024954E+16
 0.10564426056442E+16
 0.10888986088899E+16
 0.11223521122352E+16
 0.11568336156834E+16
 0.11923746192374E+16
 0.12290071229007E+16
 0.12667651266765E+16
 0.13056831305683E+16
 0.13457966345796E+16
 0.13871431387143E+16
 0.14297596429760E+16
 0.14723761472376E+16
  
 0.00000000000000E+00
 0.68631818181818E+13
 0.13656763636364E+14
 0.20450345454545E+14
 0.27243927272727E+14
 0.34037509090909E+14
 0.40831090909091E+14
 0.47624672727273E+14
 0.54418254545455E+14
 0.61211836363636E+14
 0.68005418181818E+14
 0.71402209090909E+14
 0.74799007479900E+14
 0.77097017709701E+14
 0.79465617946561E+14
 0.81906998190699E+14
 0.84423378442337E+14
 0.87017058701705E+14
 0.89690438969043E+14
 0.92445939244593E+14
 0.95286099528609E+14
 0.98213519821351E+14
 0.10123091012309E+15
 0.10434091043409E+15
 0.10754651075465E+15
 0.11085061108506E+15
 0.11425621142562E+15
 0.11776641177664E+15
 0.12138451213845E+15
 0.12511371251137E+15
 0.12895751289575E+15
 0.13291941329194E+15
 0.13700301370030E+15
 0.14121211412121E+15
 0.14555051455505E+15
 0.15002211500221E+15
 0.15463121546312E+15
 0.15938181593818E+15
 0.16427841642784E+15
 0.16932541693254E+15
 0.17452751745275E+15
 0.17988941798894E+15
 0.18541601854160E+15
 0.19111251911125E+15
 0.19698391969839E+15
 0.20303572030357E+15
 0.20927352092735E+15
 0.21570292157029E+15
 0.22232982223298E+15
 0.22916032291603E+15
 0.23620062362006E+15
 0.24345732434573E+15
 0.25093692509369E+15
 0.25864632586463E+15
 0.26659252665925E+15
 0.27478292747829E+15
 0.28322482832248E+15
 0.29192622919262E+15
 0.30089493008949E+15
 0.31013913101391E+15
 0.31966733196673E+15
 0.32948823294882E+15
 0.33961093396109E+15
 0.35004463500446E+15
 0.36079883607988E+15
 0.37188343718834E+15
 0.38330863833086E+15
 0.39508473950847E+15
 0.40722274072227E+15
 0.41973354197335E+15
 0.43262884326288E+15
 0.44592024459202E+15
 0.45961994596199E+15
 0.47374054737405E+15
 0.48829504882950E+15
 0.50329665032966E+15
 0.51875915187591E+15
 0.53469665346966E+15
 0.55112375511237E+15
 0.56805565680556E+15
 0.58550765855076E+15
 0.60349586034958E+15
 0.62203676220367E+15
 0.64114716411471E+15
 0.66084476608447E+15
 0.68114756811475E+15
 0.70207407020740E+15
 0.72364347236434E+15
 0.74587547458754E+15
 0.76879057687905E+15
 0.79240967924096E+15
 0.81675438167543E+15
 0.84184708418470E+15
 0.86771068677106E+15
 0.89436878943687E+15
 0.92184599218459E+15
 0.95016729501672E+15
 0.97935869793586E+15
 0.10094471009447E+16
 0.10404601040460E+16
 0.10724251072425E+16
 0.11053721105372E+16
 0.11393321139332E+16
 0.11743351174335E+16
 0.12104141210414E+16
 0.12476001247600E+16
 0.12859301285930E+16
 0.13254361325436E+16
 0.13661571366157E+16
 0.14081291408129E+16
 0.14513901451390E+16
  
 0.00000000000000E+00
 0.62831853071796E+01
  
 0.31415926535898E+01
  
 0.10000000000000E+02
  
 0.21990955581112E-08
 0.13881554467551E-11
 0.13731503233373E-11
 0.13480679925748E-11
 0.13126887935992E-11
 0.12666871291670E-11
 0.12096074085535E-11
 0.11408209677424E-11
 0.10594423076324E-11
 0.96414015247162E-12
 0.85258995631444E-12
 0.78926305187675E-12
 0.72122268160581E-12
 0.62869493959138E-12
 0.57272117102349E-12
 0.52761579048616E-12
 0.48765019794872E-12
 0.45121278669869E-12
 0.41754140716035E-12
 0.38592532747995E-12
 0.35638795419461E-12
 0.32843579128020E-12
 0.30243233946159E-12
 0.27817455708522E-12
 0.25527663767055E-12
 0.23366601392553E-12
 0.21336132877521E-12
 0.19458305840285E-12
 0.17690618507863E-12
 0.16013152077547E-12
 0.14483037121985E-12
 0.13092084149478E-12
 0.11798035801369E-12
 0.10595428149395E-12
 0.94974570857005E-13
 0.84760592608530E-13
 0.75667671867498E-13
 0.67492605368888E-13
 0.59887410655803E-13
 0.52924681597143E-13
 0.46663235696094E-13
 0.41042724203209E-13
 0.36079728481682E-13
 0.31617112075467E-13
 0.27692370893600E-13
 0.24147112979865E-13
 0.20968438915162E-13
 0.18235060232450E-13
 0.15754030305533E-13
 0.13606937394789E-13
 0.11712044580249E-13
 0.10094832806670E-13
 0.86088794476059E-14
 0.73477095023898E-14
 0.62238870964216E-14
 0.52587552465748E-14
 0.44523073912830E-14
 0.37592309420989E-14
 0.31669500595407E-14
 0.26575308545500E-14
 0.22272729210232E-14
 0.18440348700866E-14
 0.15342199348250E-14
 0.12731097214961E-14
 0.10585421439890E-14
 0.87664310332068E-15
 0.72200234529177E-15
 0.59110695467267E-15
 0.48313220645801E-15
 0.39232376531218E-15
 0.31954851309882E-15
 0.26142760288209E-15
 0.21158608594641E-15
 0.17198988182095E-15
 0.13849647261706E-15
 0.11146495146364E-15
 0.89464801081615E-16
 0.71947401792255E-16
 0.57597305685975E-16
 0.45865649806843E-16
 0.36344900256846E-16
 0.28691808328090E-16
 0.22604107990588E-16
 0.17770365322055E-16
 0.13951076619914E-16
 0.10935823143370E-16
 0.85508632232966E-17
 0.66534341535949E-17
 0.51692948404311E-17
 0.39940582115947E-17
 0.30771001178061E-17
 0.23611085283725E-17
 0.18095313761275E-17
 0.13821254610547E-17
 0.10522934676177E-17
 0.80078480601055E-18
 0.60605729237186E-18
 0.45799759483418E-18
 0.34411929157518E-18
 0.25758994620612E-18
 0.19225782247214E-18
 0.14352407025214E-18
 0.10630045733889E-18
 0.78480844598558E-19
 0.57786975570037E-19
 0.42074662502254E-19
 0.30558345937167E-19
 0.21877564211405E-19
 0.15401252434223E-19
 0.10570207488664E-19
 0.68592281858480E-20
  
