           1
         150
  
  0.1000000000000E+00   0.0000000000000E+00
  0.1236673000000E+00   0.1345388972018E-42
  0.1529360000000E+00   0.1489181033196E-48
  0.1891319000000E+00   0.2804018729586E-55
  0.2338943000000E+00   0.2187656432797E-56
  0.2892508000000E+00   0.8988226054409E-55
  0.3577086000000E+00   0.1127035869750E-46
  0.4423686000000E+00   0.1847810411132E-37
  0.5470654000000E+00   0.6375421620763E-27
  0.6765410000000E+00   0.5255673233277E-23
  0.8366600000000E+00   0.1181612060283E-21
  0.1034675000000E+01   0.2907867135423E-21
  0.1279555000000E+01   0.8899619453494E-21
  0.1582391000000E+01   0.4274632895267E-20
  0.1956900000000E+01   0.1126690574830E-19
  0.2420045000000E+01   0.1651342028581E-19
  0.2992805000000E+01   0.1437538916722E-19
  0.3701121000000E+01   0.1113382607516E-19
  0.4577077000000E+01   0.8244467500460E-20
  0.5660348000000E+01   0.6424275838046E-20
  0.7000000000000E+01   0.8077543607869E-20
  0.7089677000000E+01   0.8463971460882E-20
  0.7180503000000E+01   0.8903929682226E-20
  0.7272493000000E+01   0.9410625368875E-20
  0.7365661000000E+01   0.9977967946498E-20
  0.7460023000000E+01   0.1079227838374E-19
  0.7555593000000E+01   0.1170410305265E-19
  0.7652388000000E+01   0.1300166240729E-19
  0.7750423000000E+01   0.1454983484280E-19
  0.7849714000000E+01   0.1647342641412E-19
  0.7950277000000E+01   0.1882994696498E-19
  0.8052128000000E+01   0.2257895875493E-19
  0.8155284000000E+01   0.3037726084405E-19
  0.8259761000000E+01   0.3741306166341E-19
  0.8365577000000E+01   0.4695092139223E-19
  0.8472749000000E+01   0.5079845577127E-19
  0.8581293000000E+01   0.4894780819923E-19
  0.8691229000000E+01   0.4280725590606E-19
  0.8802572000000E+01   0.3355778072608E-19
  0.8915342000000E+01   0.2299867991635E-19
  0.9029557000000E+01   0.1532844321857E-19
  0.9145235000000E+01   0.9522973432875E-20
  0.9262394000000E+01   0.6033106632995E-20
  0.9381055000000E+01   0.4349105947754E-20
  0.9501236000000E+01   0.3262993613576E-20
  0.9622957000000E+01   0.2896663244436E-20
  0.9746237000000E+01   0.2845435951628E-20
  0.9871096000000E+01   0.3046996962218E-20
  0.9997555000000E+01   0.3809625956847E-20
  0.1012563000000E+02   0.4776260006986E-20
  0.1025535000000E+02   0.6450026507713E-20
  0.1038673000000E+02   0.8682340315793E-20
  0.1051980000000E+02   0.1214535999973E-19
  0.1065457000000E+02   0.1710532276383E-19
  0.1079107000000E+02   0.2398027716730E-19
  0.1092931000000E+02   0.3343604074982E-19
  0.1106933000000E+02   0.4604734241457E-19
  0.1121113000000E+02   0.6189949859807E-19
  0.1135476000000E+02   0.8251464603457E-19
  0.1150023000000E+02   0.1091087318298E-18
  0.1164756000000E+02   0.1423146847909E-18
  0.1179677000000E+02   0.1788110688555E-18
  0.1194790000000E+02   0.2189326245920E-18
  0.1210097000000E+02   0.2566765418174E-18
  0.1225599000000E+02   0.2891949535557E-18
  0.1241300000000E+02   0.3185025598811E-18
  0.1257203000000E+02   0.3411320859025E-18
  0.1273309000000E+02   0.3619948230298E-18
  0.1289621000000E+02   0.3803305216197E-18
  0.1306143000000E+02   0.3990353890990E-18
  0.1322876000000E+02   0.4178526637788E-18
  0.1339823000000E+02   0.4357515727574E-18
  0.1356988000000E+02   0.4521622342767E-18
  0.1374372000000E+02   0.4661884014881E-18
  0.1391979000000E+02   0.4787689093440E-18
  0.1409812000000E+02   0.4907118545458E-18
  0.1427873000000E+02   0.5017986376697E-18
  0.1446165000000E+02   0.5101569547061E-18
  0.1464692000000E+02   0.5173849721412E-18
  0.1483456000000E+02   0.5153795695873E-18
  0.1502461000000E+02   0.5064280200925E-18
  0.1521709000000E+02   0.4870963205244E-18
  0.1541204000000E+02   0.4499134422814E-18
  0.1560948000000E+02   0.4145327326281E-18
  0.1580946000000E+02   0.3717211528083E-18
  0.1601199000000E+02   0.3357455471519E-18
  0.1621712000000E+02   0.3109000325045E-18
  0.1642488000000E+02   0.2915597040208E-18
  0.1663530000000E+02   0.2855984292743E-18
  0.1684841000000E+02   0.2893153693992E-18
  0.1706426000000E+02   0.2981309018129E-18
  0.1728287000000E+02   0.3192919198167E-18
  0.1750428000000E+02   0.3417376938220E-18
  0.1772853000000E+02   0.3784594046120E-18
  0.1795565000000E+02   0.4181949284062E-18
  0.1818568000000E+02   0.4659585994671E-18
  0.1841866000000E+02   0.5197775708189E-18
  0.1865462000000E+02   0.5768316326178E-18
  0.1889360000000E+02   0.6367146473953E-18
  0.1913565000000E+02   0.7005297895609E-18
  0.1938080000000E+02   0.7668183371534E-18
  0.1962908000000E+02   0.8372131664154E-18
  0.1988055000000E+02   0.9065835241477E-18
  0.2013524000000E+02   0.9790325498486E-18
  0.2039320000000E+02   0.1052931098999E-17
  0.2065445000000E+02   0.1128879579746E-17
  0.2091906000000E+02   0.1204803472542E-17
  0.2118705000000E+02   0.1279004964145E-17
  0.2145848000000E+02   0.1354795553257E-17
  0.2173339000000E+02   0.1429597928065E-17
  0.2201181000000E+02   0.1506040570578E-17
  0.2229381000000E+02   0.1582640087562E-17
  0.2257941000000E+02   0.1660349628097E-17
  0.2286868000000E+02   0.1739282002224E-17
  0.2316165000000E+02   0.1819195635682E-17
  0.2345837000000E+02   0.1899936441798E-17
  0.2375890000000E+02   0.1981371591035E-17
  0.2406328000000E+02   0.2063276659645E-17
  0.2437155000000E+02   0.2148463353155E-17
  0.2468378000000E+02   0.2232535908307E-17
  0.2500000000000E+02   0.2314494937863E-17
  0.3073734000000E+02   0.3086546254369E-17
  0.3779135000000E+02   0.2858515549887E-17
  0.4646422000000E+02   0.2394327784666E-17
  0.5712745000000E+02   0.1732521379410E-17
  0.7023782000000E+02   0.1140776800266E-17
  0.8635694000000E+02   0.7208008896904E-18
  0.1061753000000E+03   0.4266477649553E-18
  0.1305418000000E+03   0.2518186291297E-18
  0.1605003000000E+03   0.1339076730539E-18
  0.1973341000000E+03   0.6141073747000E-19
  0.2426209000000E+03   0.3299834226732E-19
  0.2983008000000E+03   0.1707942000307E-19
  0.3667589000000E+03   0.8197235317163E-20
  0.4509277000000E+03   0.3490180199184E-20
  0.5544126000000E+03   0.1434227720373E-20
  0.6816467000000E+03   0.6519577738518E-21
  0.8380801000000E+03   0.2942580728878E-21
  0.1030414000000E+04   0.1320708180220E-21
  0.1266887000000E+04   0.5901305483916E-22
  0.1557629000000E+04   0.2627903252307E-22
  0.1915095000000E+04   0.1167361338986E-22
  0.2354597000000E+04   0.5177720401570E-23
  0.2894961000000E+04   0.2295354732439E-23
  0.3559336000000E+04   0.1018321805625E-23
  0.4376180000000E+04   0.4526448343882E-24
  0.5380484000000E+04   0.2019548834306E-24
  0.6615270000000E+04   0.9066532712329E-25
  0.8133431000000E+04   0.4109195656759E-25
  0.1000000000000E+05   0.1633345647397E-25
